INFO - 2025-07-06 20:49:43 --> Session: Class initialized using 'CodeIgniter\Session\Handlers\FileHandler' driver.
INFO - 2025-07-06 20:49:45 --> Session: Class initialized using 'CodeIgniter\Session\Handlers\FileHandler' driver.
INFO - 2025-07-06 20:49:45 --> Usuario autenticado con role_id: 
INFO - 2025-07-06 20:49:48 --> El método authenticate fue llamado
INFO - 2025-07-06 20:49:48 --> Intento de inicio de sesión para el usuario: admin@admin.com
INFO - 2025-07-06 20:49:48 --> Intento de inicio de sesión para el usuario: admin@admin.com
INFO - 2025-07-06 20:49:48 --> Session: Class initialized using 'CodeIgniter\Session\Handlers\FileHandler' driver.
INFO - 2025-07-06 20:49:48 --> Session: Class initialized using 'CodeIgniter\Session\Handlers\FileHandler' driver.
INFO - 2025-07-06 20:49:48 --> Usuario autenticado con role_id: 
INFO - 2025-07-06 22:49:17 --> Session: Class initialized using 'CodeIgniter\Session\Handlers\FileHandler' driver.
INFO - 2025-07-06 22:49:19 --> Session: Class initialized using 'CodeIgniter\Session\Handlers\FileHandler' driver.
INFO - 2025-07-06 22:49:19 --> Usuario autenticado con role_id: 
INFO - 2025-07-06 22:49:32 --> El método authenticate fue llamado
INFO - 2025-07-06 22:49:32 --> Intento de inicio de sesión para el usuario: admin@docente.com
INFO - 2025-07-06 22:49:32 --> Intento de inicio de sesión para el usuario: admin@docente.com
INFO - 2025-07-06 22:49:32 --> Session: Class initialized using 'CodeIgniter\Session\Handlers\FileHandler' driver.
INFO - 2025-07-06 22:49:32 --> Session: Class initialized using 'CodeIgniter\Session\Handlers\FileHandler' driver.
INFO - 2025-07-06 22:49:32 --> Usuario autenticado con role_id: 
INFO - 2025-07-06 22:49:39 --> El método authenticate fue llamado
INFO - 2025-07-06 22:49:39 --> Intento de inicio de sesión para el usuario: admin@docente.com
INFO - 2025-07-06 22:49:39 --> Intento de inicio de sesión para el usuario: admin@docente.com
INFO - 2025-07-06 22:49:39 --> Session: Class initialized using 'CodeIgniter\Session\Handlers\FileHandler' driver.
INFO - 2025-07-06 22:49:39 --> Session: Class initialized using 'CodeIgniter\Session\Handlers\FileHandler' driver.
