INFO - 2025-09-06 23:16:03 --> Session: Class initialized using 'CodeIgniter\Session\Handlers\FileHandler' driver.
DEBUG - 2025-09-06 23:16:03 --> Parámetros recibidos - Documento: 10000002, Grupo: 29, Jornada: 4
DEBUG - 2025-09-06 23:16:03 --> 
        SELECT 
            u.documento,
            CONCAT(u.name, ' ', u.last_name) as estudiante,
            u.last_name,  
            u.name,       
            j.nombre as jornada,
            CONCAT(gd.nombre, ' - ', g.nombre) as curso,
            p.nombre as prueba_presentada,
            a.nombre as materia,
            CONCAT(prof.name, ' ', prof.last_name) as profesor_asignador,
            COUNT(r.id) as preguntas_respondidas,
            SUM(CASE WHEN r.respuesta_correcta = 1 THEN 1 ELSE 0 END) as respuestas_correctas,
            ROUND((SUM(CASE WHEN r.respuesta_correcta = 1 THEN 1 ELSE 0 END) / COUNT(r.id)) * 100, 2) as porcentaje,
            DATE_FORMAT(MIN(r.fecha_respuesta), '%d/%m/%Y %H:%i') as fecha_presentacion
        FROM users u
        INNER JOIN matriculas m ON u.id = m.user_id
        INNER JOIN grupos g ON m.grupo_id = g.id
        INNER JOIN grados gd ON g.grado_id = gd.id  
        INNER JOIN jornadas j ON m.jornada_id = j.id
        INNER JOIN respuestas r ON u.id = r.estudiante_id
        INNER JOIN pruebas p ON r.prueba_id = p.id
        INNER JOIN asignaturas a ON p.asignatura_id = a.id
        INNER JOIN users prof ON p.profesor_id = prof.id
        INNER JOIN prueba_grupos pg ON p.id = pg.prueba_id AND g.id = pg.grupo_id
        WHERE u.role_id = 2
          AND u.documento = '10000002'
     AND j.id = '29' AND g.id = '4' AND prof.id = '19'
        GROUP BY 
            u.documento, u.name, u.last_name,
            j.nombre, g.nombre, gd.nombre, 
            p.id, p.nombre, a.nombre, 
            prof.name, prof.last_name
        ORDER BY 
            u.last_name, u.name, p.nombre
    
INFO - 2025-09-06 23:20:25 --> Session: Class initialized using 'CodeIgniter\Session\Handlers\FileHandler' driver.
INFO - 2025-09-06 23:20:30 --> Session: Class initialized using 'CodeIgniter\Session\Handlers\FileHandler' driver.
INFO - 2025-09-06 23:20:34 --> Session: Class initialized using 'CodeIgniter\Session\Handlers\FileHandler' driver.
INFO - 2025-09-06 23:20:36 --> Session: Class initialized using 'CodeIgniter\Session\Handlers\FileHandler' driver.
INFO - 2025-09-06 23:20:36 --> Recibiendo solicitud para mostrar datos de la tabla: grupos, campo: grado_id, id: 3
INFO - 2025-09-06 23:20:36 --> Obteniendo datos de la tabla: grupos, id: 3, campo: grado_id
INFO - 2025-09-06 23:20:36 --> Datos obtenidos de la tabla grupos: [{"id":"10","nombre":"1","grado_id":"3","created_at":"2025-09-04 12:15:35","updated_at":"2025-09-04 12:15:35"},{"id":"11","nombre":"2","grado_id":"3","created_at":"2025-09-04 12:15:35","updated_at":"2025-09-04 12:15:35"},{"id":"12","nombre":"3","grado_id":"3","created_at":"2025-09-04 12:15:35","updated_at":"2025-09-04 12:15:35"},{"id":"13","nombre":"4","grado_id":"3","created_at":"2025-09-04 12:15:35","updated_at":"2025-09-04 12:15:35"}]
INFO - 2025-09-06 23:20:50 --> Session: Class initialized using 'CodeIgniter\Session\Handlers\FileHandler' driver.
INFO - 2025-09-06 23:20:56 --> Session: Class initialized using 'CodeIgniter\Session\Handlers\FileHandler' driver.
INFO - 2025-09-06 23:20:56 --> Recibiendo solicitud para mostrar datos de la tabla: grupos, campo: grado_id, id: 7
INFO - 2025-09-06 23:20:56 --> Obteniendo datos de la tabla: grupos, id: 7, campo: grado_id
INFO - 2025-09-06 23:20:56 --> Datos obtenidos de la tabla grupos: [{"id":"26","nombre":"1","grado_id":"7","created_at":"2025-09-04 12:15:35","updated_at":"2025-09-04 12:15:35"},{"id":"27","nombre":"2","grado_id":"7","created_at":"2025-09-04 12:15:35","updated_at":"2025-09-04 12:15:35"},{"id":"28","nombre":"3","grado_id":"7","created_at":"2025-09-04 12:15:35","updated_at":"2025-09-04 12:15:35"},{"id":"29","nombre":"4","grado_id":"7","created_at":"2025-09-04 12:15:35","updated_at":"2025-09-04 12:15:35"}]
INFO - 2025-09-06 23:20:58 --> Session: Class initialized using 'CodeIgniter\Session\Handlers\FileHandler' driver.
INFO - 2025-09-06 23:21:46 --> Session: Class initialized using 'CodeIgniter\Session\Handlers\FileHandler' driver.
INFO - 2025-09-06 23:21:48 --> Session: Class initialized using 'CodeIgniter\Session\Handlers\FileHandler' driver.
INFO - 2025-09-06 23:21:52 --> Session: Class initialized using 'CodeIgniter\Session\Handlers\FileHandler' driver.
INFO - 2025-09-06 23:21:57 --> Session: Class initialized using 'CodeIgniter\Session\Handlers\FileHandler' driver.
INFO - 2025-09-06 23:21:59 --> Session: Class initialized using 'CodeIgniter\Session\Handlers\FileHandler' driver.
INFO - 2025-09-06 23:21:59 --> Recibiendo solicitud para mostrar datos de la tabla: grupos, campo: grado_id, id: 7
INFO - 2025-09-06 23:21:59 --> Obteniendo datos de la tabla: grupos, id: 7, campo: grado_id
INFO - 2025-09-06 23:21:59 --> Datos obtenidos de la tabla grupos: [{"id":"26","nombre":"1","grado_id":"7","created_at":"2025-09-04 12:15:35","updated_at":"2025-09-04 12:15:35"},{"id":"27","nombre":"2","grado_id":"7","created_at":"2025-09-04 12:15:35","updated_at":"2025-09-04 12:15:35"},{"id":"28","nombre":"3","grado_id":"7","created_at":"2025-09-04 12:15:35","updated_at":"2025-09-04 12:15:35"},{"id":"29","nombre":"4","grado_id":"7","created_at":"2025-09-04 12:15:35","updated_at":"2025-09-04 12:15:35"}]
INFO - 2025-09-06 23:22:03 --> Session: Class initialized using 'CodeIgniter\Session\Handlers\FileHandler' driver.
INFO - 2025-09-06 23:22:50 --> Session: Class initialized using 'CodeIgniter\Session\Handlers\FileHandler' driver.
INFO - 2025-09-06 23:22:55 --> Session: Class initialized using 'CodeIgniter\Session\Handlers\FileHandler' driver.
INFO - 2025-09-06 23:23:01 --> Session: Class initialized using 'CodeIgniter\Session\Handlers\FileHandler' driver.
INFO - 2025-09-06 23:23:01 --> Recibiendo solicitud para mostrar datos de la tabla: grupos, campo: grado_id, id: 7
INFO - 2025-09-06 23:23:01 --> Obteniendo datos de la tabla: grupos, id: 7, campo: grado_id
INFO - 2025-09-06 23:23:01 --> Datos obtenidos de la tabla grupos: [{"id":"26","nombre":"1","grado_id":"7","created_at":"2025-09-04 12:15:35","updated_at":"2025-09-04 12:15:35"},{"id":"27","nombre":"2","grado_id":"7","created_at":"2025-09-04 12:15:35","updated_at":"2025-09-04 12:15:35"},{"id":"28","nombre":"3","grado_id":"7","created_at":"2025-09-04 12:15:35","updated_at":"2025-09-04 12:15:35"},{"id":"29","nombre":"4","grado_id":"7","created_at":"2025-09-04 12:15:35","updated_at":"2025-09-04 12:15:35"}]
INFO - 2025-09-06 23:23:08 --> Session: Class initialized using 'CodeIgniter\Session\Handlers\FileHandler' driver.
INFO - 2025-09-06 23:24:36 --> Session: Class initialized using 'CodeIgniter\Session\Handlers\FileHandler' driver.
INFO - 2025-09-06 23:25:07 --> Session: Class initialized using 'CodeIgniter\Session\Handlers\FileHandler' driver.
INFO - 2025-09-06 23:25:10 --> Session: Class initialized using 'CodeIgniter\Session\Handlers\FileHandler' driver.
INFO - 2025-09-06 23:25:10 --> Cargando prueba con ID: 1
INFO - 2025-09-06 23:25:16 --> Session: Class initialized using 'CodeIgniter\Session\Handlers\FileHandler' driver.
INFO - 2025-09-06 23:25:16 --> Cargando prueba con ID: 6
INFO - 2025-09-06 23:25:24 --> Session: Class initialized using 'CodeIgniter\Session\Handlers\FileHandler' driver.
INFO - 2025-09-06 23:25:26 --> Session: Class initialized using 'CodeIgniter\Session\Handlers\FileHandler' driver.
INFO - 2025-09-06 23:25:30 --> Session: Class initialized using 'CodeIgniter\Session\Handlers\FileHandler' driver.
INFO - 2025-09-06 23:25:30 --> Recibiendo solicitud para mostrar datos de la tabla: grupos, campo: grado_id, id: 7
INFO - 2025-09-06 23:25:30 --> Obteniendo datos de la tabla: grupos, id: 7, campo: grado_id
INFO - 2025-09-06 23:25:30 --> Datos obtenidos de la tabla grupos: [{"id":"26","nombre":"1","grado_id":"7","created_at":"2025-09-04 12:15:35","updated_at":"2025-09-04 12:15:35"},{"id":"27","nombre":"2","grado_id":"7","created_at":"2025-09-04 12:15:35","updated_at":"2025-09-04 12:15:35"},{"id":"28","nombre":"3","grado_id":"7","created_at":"2025-09-04 12:15:35","updated_at":"2025-09-04 12:15:35"},{"id":"29","nombre":"4","grado_id":"7","created_at":"2025-09-04 12:15:35","updated_at":"2025-09-04 12:15:35"}]
INFO - 2025-09-06 23:26:10 --> Session: Class initialized using 'CodeIgniter\Session\Handlers\FileHandler' driver.
INFO - 2025-09-06 23:26:14 --> Session: Class initialized using 'CodeIgniter\Session\Handlers\FileHandler' driver.
INFO - 2025-09-06 23:26:14 --> Session: Class initialized using 'CodeIgniter\Session\Handlers\FileHandler' driver.
INFO - 2025-09-06 23:26:26 --> Session: Class initialized using 'CodeIgniter\Session\Handlers\FileHandler' driver.
INFO - 2025-09-06 23:27:03 --> Session: Class initialized using 'CodeIgniter\Session\Handlers\FileHandler' driver.
INFO - 2025-09-06 23:30:05 --> Session: Class initialized using 'CodeIgniter\Session\Handlers\FileHandler' driver.
INFO - 2025-09-06 23:30:11 --> Session: Class initialized using 'CodeIgniter\Session\Handlers\FileHandler' driver.
INFO - 2025-09-06 23:30:12 --> Session: Class initialized using 'CodeIgniter\Session\Handlers\FileHandler' driver.
INFO - 2025-09-06 23:30:14 --> Session: Class initialized using 'CodeIgniter\Session\Handlers\FileHandler' driver.
INFO - 2025-09-06 23:30:19 --> Session: Class initialized using 'CodeIgniter\Session\Handlers\FileHandler' driver.
INFO - 2025-09-06 23:30:33 --> Session: Class initialized using 'CodeIgniter\Session\Handlers\FileHandler' driver.
INFO - 2025-09-06 23:30:47 --> Session: Class initialized using 'CodeIgniter\Session\Handlers\FileHandler' driver.
INFO - 2025-09-06 23:30:48 --> Session: Class initialized using 'CodeIgniter\Session\Handlers\FileHandler' driver.
INFO - 2025-09-06 23:30:50 --> Session: Class initialized using 'CodeIgniter\Session\Handlers\FileHandler' driver.
INFO - 2025-09-06 23:30:50 --> Recibiendo solicitud para mostrar datos de la tabla: grupos, campo: grado_id, id: 1
INFO - 2025-09-06 23:30:50 --> Obteniendo datos de la tabla: grupos, id: 1, campo: grado_id
INFO - 2025-09-06 23:30:50 --> Datos obtenidos de la tabla grupos: [{"id":"2","nombre":"1","grado_id":"1","created_at":"2025-09-04 12:15:35","updated_at":"2025-09-04 12:15:35"},{"id":"3","nombre":"2","grado_id":"1","created_at":"2025-09-04 12:15:35","updated_at":"2025-09-04 12:15:35"},{"id":"4","nombre":"3","grado_id":"1","created_at":"2025-09-04 12:15:35","updated_at":"2025-09-04 12:15:35"},{"id":"5","nombre":"4","grado_id":"1","created_at":"2025-09-04 12:15:35","updated_at":"2025-09-04 12:15:35"}]
INFO - 2025-09-06 23:30:54 --> Session: Class initialized using 'CodeIgniter\Session\Handlers\FileHandler' driver.
INFO - 2025-09-06 23:30:54 --> Recibiendo solicitud para mostrar datos de la tabla: grupos, campo: grado_id, id: 7
INFO - 2025-09-06 23:30:54 --> Obteniendo datos de la tabla: grupos, id: 7, campo: grado_id
INFO - 2025-09-06 23:30:54 --> Datos obtenidos de la tabla grupos: [{"id":"26","nombre":"1","grado_id":"7","created_at":"2025-09-04 12:15:35","updated_at":"2025-09-04 12:15:35"},{"id":"27","nombre":"2","grado_id":"7","created_at":"2025-09-04 12:15:35","updated_at":"2025-09-04 12:15:35"},{"id":"28","nombre":"3","grado_id":"7","created_at":"2025-09-04 12:15:35","updated_at":"2025-09-04 12:15:35"},{"id":"29","nombre":"4","grado_id":"7","created_at":"2025-09-04 12:15:35","updated_at":"2025-09-04 12:15:35"}]
INFO - 2025-09-06 23:30:56 --> Session: Class initialized using 'CodeIgniter\Session\Handlers\FileHandler' driver.
INFO - 2025-09-06 23:31:30 --> Session: Class initialized using 'CodeIgniter\Session\Handlers\FileHandler' driver.
INFO - 2025-09-06 23:31:33 --> Session: Class initialized using 'CodeIgniter\Session\Handlers\FileHandler' driver.
INFO - 2025-09-06 23:31:33 --> Recibiendo solicitud para mostrar datos de la tabla: grupos, campo: grado_id, id: 7
INFO - 2025-09-06 23:31:33 --> Obteniendo datos de la tabla: grupos, id: 7, campo: grado_id
INFO - 2025-09-06 23:31:33 --> Datos obtenidos de la tabla grupos: [{"id":"26","nombre":"1","grado_id":"7","created_at":"2025-09-04 12:15:35","updated_at":"2025-09-04 12:15:35"},{"id":"27","nombre":"2","grado_id":"7","created_at":"2025-09-04 12:15:35","updated_at":"2025-09-04 12:15:35"},{"id":"28","nombre":"3","grado_id":"7","created_at":"2025-09-04 12:15:35","updated_at":"2025-09-04 12:15:35"},{"id":"29","nombre":"4","grado_id":"7","created_at":"2025-09-04 12:15:35","updated_at":"2025-09-04 12:15:35"}]
INFO - 2025-09-06 23:31:36 --> Session: Class initialized using 'CodeIgniter\Session\Handlers\FileHandler' driver.
INFO - 2025-09-06 23:35:44 --> Session: Class initialized using 'CodeIgniter\Session\Handlers\FileHandler' driver.
INFO - 2025-09-06 23:35:48 --> Session: Class initialized using 'CodeIgniter\Session\Handlers\FileHandler' driver.
INFO - 2025-09-06 23:37:21 --> Session: Class initialized using 'CodeIgniter\Session\Handlers\FileHandler' driver.
INFO - 2025-09-06 23:37:25 --> Session: Class initialized using 'CodeIgniter\Session\Handlers\FileHandler' driver.
INFO - 2025-09-06 23:37:29 --> Session: Class initialized using 'CodeIgniter\Session\Handlers\FileHandler' driver.
INFO - 2025-09-06 23:37:40 --> Session: Class initialized using 'CodeIgniter\Session\Handlers\FileHandler' driver.
INFO - 2025-09-06 23:37:47 --> Session: Class initialized using 'CodeIgniter\Session\Handlers\FileHandler' driver.
INFO - 2025-09-06 23:37:48 --> Session: Class initialized using 'CodeIgniter\Session\Handlers\FileHandler' driver.
INFO - 2025-09-06 23:37:53 --> Session: Class initialized using 'CodeIgniter\Session\Handlers\FileHandler' driver.
INFO - 2025-09-06 23:37:58 --> Session: Class initialized using 'CodeIgniter\Session\Handlers\FileHandler' driver.
INFO - 2025-09-06 23:38:29 --> Session: Class initialized using 'CodeIgniter\Session\Handlers\FileHandler' driver.
INFO - 2025-09-06 23:38:51 --> Session: Class initialized using 'CodeIgniter\Session\Handlers\FileHandler' driver.
INFO - 2025-09-06 23:38:54 --> Session: Class initialized using 'CodeIgniter\Session\Handlers\FileHandler' driver.
INFO - 2025-09-06 23:38:54 --> Recibiendo solicitud para mostrar datos de la tabla: grupos, campo: grado_id, id: 2
INFO - 2025-09-06 23:38:54 --> Obteniendo datos de la tabla: grupos, id: 2, campo: grado_id
INFO - 2025-09-06 23:38:54 --> Datos obtenidos de la tabla grupos: [{"id":"6","nombre":"1","grado_id":"2","created_at":"2025-09-04 12:15:35","updated_at":"2025-09-04 12:15:35"},{"id":"7","nombre":"2","grado_id":"2","created_at":"2025-09-04 12:15:35","updated_at":"2025-09-04 12:15:35"},{"id":"8","nombre":"3","grado_id":"2","created_at":"2025-09-04 12:15:35","updated_at":"2025-09-04 12:15:35"},{"id":"9","nombre":"4","grado_id":"2","created_at":"2025-09-04 12:15:35","updated_at":"2025-09-04 12:15:35"}]
INFO - 2025-09-06 23:38:59 --> Session: Class initialized using 'CodeIgniter\Session\Handlers\FileHandler' driver.
INFO - 2025-09-06 23:39:01 --> Session: Class initialized using 'CodeIgniter\Session\Handlers\FileHandler' driver.
INFO - 2025-09-06 23:39:01 --> Recibiendo solicitud para mostrar datos de la tabla: grupos, campo: grado_id, id: 7
INFO - 2025-09-06 23:39:01 --> Obteniendo datos de la tabla: grupos, id: 7, campo: grado_id
INFO - 2025-09-06 23:39:01 --> Datos obtenidos de la tabla grupos: [{"id":"26","nombre":"1","grado_id":"7","created_at":"2025-09-04 12:15:35","updated_at":"2025-09-04 12:15:35"},{"id":"27","nombre":"2","grado_id":"7","created_at":"2025-09-04 12:15:35","updated_at":"2025-09-04 12:15:35"},{"id":"28","nombre":"3","grado_id":"7","created_at":"2025-09-04 12:15:35","updated_at":"2025-09-04 12:15:35"},{"id":"29","nombre":"4","grado_id":"7","created_at":"2025-09-04 12:15:35","updated_at":"2025-09-04 12:15:35"}]
INFO - 2025-09-06 23:39:05 --> Session: Class initialized using 'CodeIgniter\Session\Handlers\FileHandler' driver.
INFO - 2025-09-06 23:39:16 --> Session: Class initialized using 'CodeIgniter\Session\Handlers\FileHandler' driver.
INFO - 2025-09-06 23:39:18 --> Session: Class initialized using 'CodeIgniter\Session\Handlers\FileHandler' driver.
INFO - 2025-09-06 23:39:18 --> Recibiendo solicitud para mostrar datos de la tabla: grupos, campo: grado_id, id: 7
INFO - 2025-09-06 23:39:18 --> Obteniendo datos de la tabla: grupos, id: 7, campo: grado_id
INFO - 2025-09-06 23:39:18 --> Datos obtenidos de la tabla grupos: [{"id":"26","nombre":"1","grado_id":"7","created_at":"2025-09-04 12:15:35","updated_at":"2025-09-04 12:15:35"},{"id":"27","nombre":"2","grado_id":"7","created_at":"2025-09-04 12:15:35","updated_at":"2025-09-04 12:15:35"},{"id":"28","nombre":"3","grado_id":"7","created_at":"2025-09-04 12:15:35","updated_at":"2025-09-04 12:15:35"},{"id":"29","nombre":"4","grado_id":"7","created_at":"2025-09-04 12:15:35","updated_at":"2025-09-04 12:15:35"}]
INFO - 2025-09-06 23:39:21 --> Session: Class initialized using 'CodeIgniter\Session\Handlers\FileHandler' driver.
INFO - 2025-09-06 23:39:44 --> Session: Class initialized using 'CodeIgniter\Session\Handlers\FileHandler' driver.
INFO - 2025-09-06 23:39:47 --> Session: Class initialized using 'CodeIgniter\Session\Handlers\FileHandler' driver.
INFO - 2025-09-06 23:39:47 --> Recibiendo solicitud para mostrar datos de la tabla: grupos, campo: grado_id, id: 7
INFO - 2025-09-06 23:39:47 --> Obteniendo datos de la tabla: grupos, id: 7, campo: grado_id
INFO - 2025-09-06 23:39:47 --> Datos obtenidos de la tabla grupos: [{"id":"26","nombre":"1","grado_id":"7","created_at":"2025-09-04 12:15:35","updated_at":"2025-09-04 12:15:35"},{"id":"27","nombre":"2","grado_id":"7","created_at":"2025-09-04 12:15:35","updated_at":"2025-09-04 12:15:35"},{"id":"28","nombre":"3","grado_id":"7","created_at":"2025-09-04 12:15:35","updated_at":"2025-09-04 12:15:35"},{"id":"29","nombre":"4","grado_id":"7","created_at":"2025-09-04 12:15:35","updated_at":"2025-09-04 12:15:35"}]
INFO - 2025-09-06 23:39:49 --> Session: Class initialized using 'CodeIgniter\Session\Handlers\FileHandler' driver.
INFO - 2025-09-06 23:40:09 --> Session: Class initialized using 'CodeIgniter\Session\Handlers\FileHandler' driver.
INFO - 2025-09-06 23:40:15 --> Session: Class initialized using 'CodeIgniter\Session\Handlers\FileHandler' driver.
INFO - 2025-09-06 23:40:15 --> Recibiendo solicitud para mostrar datos de la tabla: grupos, campo: grado_id, id: 7
INFO - 2025-09-06 23:40:15 --> Obteniendo datos de la tabla: grupos, id: 7, campo: grado_id
INFO - 2025-09-06 23:40:15 --> Datos obtenidos de la tabla grupos: [{"id":"26","nombre":"1","grado_id":"7","created_at":"2025-09-04 12:15:35","updated_at":"2025-09-04 12:15:35"},{"id":"27","nombre":"2","grado_id":"7","created_at":"2025-09-04 12:15:35","updated_at":"2025-09-04 12:15:35"},{"id":"28","nombre":"3","grado_id":"7","created_at":"2025-09-04 12:15:35","updated_at":"2025-09-04 12:15:35"},{"id":"29","nombre":"4","grado_id":"7","created_at":"2025-09-04 12:15:35","updated_at":"2025-09-04 12:15:35"}]
INFO - 2025-09-06 23:40:18 --> Session: Class initialized using 'CodeIgniter\Session\Handlers\FileHandler' driver.
INFO - 2025-09-06 23:41:13 --> Session: Class initialized using 'CodeIgniter\Session\Handlers\FileHandler' driver.
INFO - 2025-09-06 23:45:55 --> Session: Class initialized using 'CodeIgniter\Session\Handlers\FileHandler' driver.
INFO - 2025-09-06 23:47:26 --> Session: Class initialized using 'CodeIgniter\Session\Handlers\FileHandler' driver.
INFO - 2025-09-06 23:47:39 --> Session: Class initialized using 'CodeIgniter\Session\Handlers\FileHandler' driver.
INFO - 2025-09-06 23:47:43 --> Session: Class initialized using 'CodeIgniter\Session\Handlers\FileHandler' driver.
INFO - 2025-09-06 23:47:45 --> Session: Class initialized using 'CodeIgniter\Session\Handlers\FileHandler' driver.
INFO - 2025-09-06 23:47:48 --> Session: Class initialized using 'CodeIgniter\Session\Handlers\FileHandler' driver.
INFO - 2025-09-06 23:47:49 --> Session: Class initialized using 'CodeIgniter\Session\Handlers\FileHandler' driver.
INFO - 2025-09-06 23:47:51 --> Session: Class initialized using 'CodeIgniter\Session\Handlers\FileHandler' driver.
INFO - 2025-09-06 23:47:51 --> Recibiendo solicitud para mostrar datos de la tabla: grupos, campo: grado_id, id: 7
INFO - 2025-09-06 23:47:51 --> Obteniendo datos de la tabla: grupos, id: 7, campo: grado_id
INFO - 2025-09-06 23:47:51 --> Datos obtenidos de la tabla grupos: [{"id":"26","nombre":"1","grado_id":"7","created_at":"2025-09-04 12:15:35","updated_at":"2025-09-04 12:15:35"},{"id":"27","nombre":"2","grado_id":"7","created_at":"2025-09-04 12:15:35","updated_at":"2025-09-04 12:15:35"},{"id":"28","nombre":"3","grado_id":"7","created_at":"2025-09-04 12:15:35","updated_at":"2025-09-04 12:15:35"},{"id":"29","nombre":"4","grado_id":"7","created_at":"2025-09-04 12:15:35","updated_at":"2025-09-04 12:15:35"}]
INFO - 2025-09-06 23:47:52 --> Session: Class initialized using 'CodeIgniter\Session\Handlers\FileHandler' driver.
INFO - 2025-09-06 23:47:54 --> Session: Class initialized using 'CodeIgniter\Session\Handlers\FileHandler' driver.
INFO - 2025-09-06 23:47:54 --> Recibiendo solicitud para mostrar datos de la tabla: grupos, campo: grado_id, id: 7
INFO - 2025-09-06 23:47:54 --> Obteniendo datos de la tabla: grupos, id: 7, campo: grado_id
INFO - 2025-09-06 23:47:54 --> Datos obtenidos de la tabla grupos: [{"id":"26","nombre":"1","grado_id":"7","created_at":"2025-09-04 12:15:35","updated_at":"2025-09-04 12:15:35"},{"id":"27","nombre":"2","grado_id":"7","created_at":"2025-09-04 12:15:35","updated_at":"2025-09-04 12:15:35"},{"id":"28","nombre":"3","grado_id":"7","created_at":"2025-09-04 12:15:35","updated_at":"2025-09-04 12:15:35"},{"id":"29","nombre":"4","grado_id":"7","created_at":"2025-09-04 12:15:35","updated_at":"2025-09-04 12:15:35"}]
INFO - 2025-09-06 23:47:58 --> Session: Class initialized using 'CodeIgniter\Session\Handlers\FileHandler' driver.
INFO - 2025-09-06 23:48:40 --> Session: Class initialized using 'CodeIgniter\Session\Handlers\FileHandler' driver.
INFO - 2025-09-06 23:48:45 --> Session: Class initialized using 'CodeIgniter\Session\Handlers\FileHandler' driver.
INFO - 2025-09-06 23:48:45 --> Recibiendo solicitud para mostrar datos de la tabla: grupos, campo: grado_id, id: 7
INFO - 2025-09-06 23:48:45 --> Obteniendo datos de la tabla: grupos, id: 7, campo: grado_id
INFO - 2025-09-06 23:48:45 --> Datos obtenidos de la tabla grupos: [{"id":"26","nombre":"1","grado_id":"7","created_at":"2025-09-04 12:15:35","updated_at":"2025-09-04 12:15:35"},{"id":"27","nombre":"2","grado_id":"7","created_at":"2025-09-04 12:15:35","updated_at":"2025-09-04 12:15:35"},{"id":"28","nombre":"3","grado_id":"7","created_at":"2025-09-04 12:15:35","updated_at":"2025-09-04 12:15:35"},{"id":"29","nombre":"4","grado_id":"7","created_at":"2025-09-04 12:15:35","updated_at":"2025-09-04 12:15:35"}]
INFO - 2025-09-06 23:48:51 --> Session: Class initialized using 'CodeIgniter\Session\Handlers\FileHandler' driver.
INFO - 2025-09-06 23:50:24 --> Session: Class initialized using 'CodeIgniter\Session\Handlers\FileHandler' driver.
INFO - 2025-09-06 23:50:27 --> Session: Class initialized using 'CodeIgniter\Session\Handlers\FileHandler' driver.
INFO - 2025-09-06 23:50:27 --> Recibiendo solicitud para mostrar datos de la tabla: grupos, campo: grado_id, id: 7
INFO - 2025-09-06 23:50:27 --> Obteniendo datos de la tabla: grupos, id: 7, campo: grado_id
INFO - 2025-09-06 23:50:27 --> Datos obtenidos de la tabla grupos: [{"id":"26","nombre":"1","grado_id":"7","created_at":"2025-09-04 12:15:35","updated_at":"2025-09-04 12:15:35"},{"id":"27","nombre":"2","grado_id":"7","created_at":"2025-09-04 12:15:35","updated_at":"2025-09-04 12:15:35"},{"id":"28","nombre":"3","grado_id":"7","created_at":"2025-09-04 12:15:35","updated_at":"2025-09-04 12:15:35"},{"id":"29","nombre":"4","grado_id":"7","created_at":"2025-09-04 12:15:35","updated_at":"2025-09-04 12:15:35"}]
INFO - 2025-09-06 23:50:31 --> Session: Class initialized using 'CodeIgniter\Session\Handlers\FileHandler' driver.
INFO - 2025-09-06 23:52:42 --> Session: Class initialized using 'CodeIgniter\Session\Handlers\FileHandler' driver.
INFO - 2025-09-06 23:52:45 --> Session: Class initialized using 'CodeIgniter\Session\Handlers\FileHandler' driver.
INFO - 2025-09-06 23:52:50 --> Session: Class initialized using 'CodeIgniter\Session\Handlers\FileHandler' driver.
INFO - 2025-09-06 23:52:50 --> Recibiendo solicitud para mostrar datos de la tabla: grupos, campo: grado_id, id: 2
INFO - 2025-09-06 23:52:50 --> Obteniendo datos de la tabla: grupos, id: 2, campo: grado_id
INFO - 2025-09-06 23:52:50 --> Datos obtenidos de la tabla grupos: [{"id":"6","nombre":"1","grado_id":"2","created_at":"2025-09-04 12:15:35","updated_at":"2025-09-04 12:15:35"},{"id":"7","nombre":"2","grado_id":"2","created_at":"2025-09-04 12:15:35","updated_at":"2025-09-04 12:15:35"},{"id":"8","nombre":"3","grado_id":"2","created_at":"2025-09-04 12:15:35","updated_at":"2025-09-04 12:15:35"},{"id":"9","nombre":"4","grado_id":"2","created_at":"2025-09-04 12:15:35","updated_at":"2025-09-04 12:15:35"}]
INFO - 2025-09-06 23:52:52 --> Session: Class initialized using 'CodeIgniter\Session\Handlers\FileHandler' driver.
INFO - 2025-09-06 23:52:52 --> Recibiendo solicitud para mostrar datos de la tabla: grupos, campo: grado_id, id: 7
INFO - 2025-09-06 23:52:52 --> Obteniendo datos de la tabla: grupos, id: 7, campo: grado_id
INFO - 2025-09-06 23:52:52 --> Datos obtenidos de la tabla grupos: [{"id":"26","nombre":"1","grado_id":"7","created_at":"2025-09-04 12:15:35","updated_at":"2025-09-04 12:15:35"},{"id":"27","nombre":"2","grado_id":"7","created_at":"2025-09-04 12:15:35","updated_at":"2025-09-04 12:15:35"},{"id":"28","nombre":"3","grado_id":"7","created_at":"2025-09-04 12:15:35","updated_at":"2025-09-04 12:15:35"},{"id":"29","nombre":"4","grado_id":"7","created_at":"2025-09-04 12:15:35","updated_at":"2025-09-04 12:15:35"}]
INFO - 2025-09-06 23:52:55 --> Session: Class initialized using 'CodeIgniter\Session\Handlers\FileHandler' driver.
INFO - 2025-09-06 23:53:53 --> Session: Class initialized using 'CodeIgniter\Session\Handlers\FileHandler' driver.
INFO - 2025-09-06 23:54:00 --> Session: Class initialized using 'CodeIgniter\Session\Handlers\FileHandler' driver.
INFO - 2025-09-06 23:54:31 --> Session: Class initialized using 'CodeIgniter\Session\Handlers\FileHandler' driver.
INFO - 2025-09-06 23:54:33 --> Session: Class initialized using 'CodeIgniter\Session\Handlers\FileHandler' driver.
INFO - 2025-09-06 23:54:37 --> Session: Class initialized using 'CodeIgniter\Session\Handlers\FileHandler' driver.
INFO - 2025-09-06 23:55:37 --> Session: Class initialized using 'CodeIgniter\Session\Handlers\FileHandler' driver.
INFO - 2025-09-06 23:55:37 --> Session: Class initialized using 'CodeIgniter\Session\Handlers\FileHandler' driver.
INFO - 2025-09-06 23:55:37 --> Usuario autenticado con role_id: 
INFO - 2025-09-06 23:55:45 --> El método authenticate fue llamado
INFO - 2025-09-06 23:55:45 --> Intento de inicio de sesión para el usuario: marvin.santos@soy.sena.edu.co
INFO - 2025-09-06 23:55:45 --> Intento de inicio de sesión para el usuario: marvin.santos@soy.sena.edu.co
INFO - 2025-09-06 23:55:45 --> Session: Class initialized using 'CodeIgniter\Session\Handlers\FileHandler' driver.
INFO - 2025-09-06 23:55:45 --> Session: Class initialized using 'CodeIgniter\Session\Handlers\FileHandler' driver.
INFO - 2025-09-06 23:55:49 --> Session: Class initialized using 'CodeIgniter\Session\Handlers\FileHandler' driver.
INFO - 2025-09-06 23:55:52 --> Session: Class initialized using 'CodeIgniter\Session\Handlers\FileHandler' driver.
INFO - 2025-09-06 23:55:53 --> Session: Class initialized using 'CodeIgniter\Session\Handlers\FileHandler' driver.
INFO - 2025-09-06 23:55:53 --> Usuario autenticado con role_id: 
INFO - 2025-09-06 23:56:05 --> El método authenticate fue llamado
INFO - 2025-09-06 23:56:05 --> Intento de inicio de sesión para el usuario: mesp3127@gmail.com
INFO - 2025-09-06 23:56:05 --> Intento de inicio de sesión para el usuario: mesp3127@gmail.com
INFO - 2025-09-06 23:56:05 --> Session: Class initialized using 'CodeIgniter\Session\Handlers\FileHandler' driver.
INFO - 2025-09-06 23:56:06 --> Session: Class initialized using 'CodeIgniter\Session\Handlers\FileHandler' driver.
DEBUG - 2025-09-06 23:56:06 --> Grupo ID del estudiante: 26
DEBUG - 2025-09-06 23:56:06 --> Pruebas respondidas: Array
(
    [0] => 1
    [1] => 3
    [2] => 6
    [3] => 2
    [4] => 8
    [5] => 7
)

DEBUG - 2025-09-06 23:56:06 --> Pruebas asignadas: Array
(
    [0] => Array
        (
            [grupo_id] => 26
            [grupo] => 1
            [grado] => Once
            [jornada] => Mañana
            [prueba_id] => 8
            [prueba_nombre] => PRUEBA DE COMPRENSIÓN LECTORA Y PREGUNTAS SUELTAS
            [prueba_descripcion] => xnxcb
            [asignatura] => Ciencias Naturales
            [profesor] => Andre Perez
            [email_profesor] => marvin2.santos@soy.sena.edu.co
            [fecha_asignacion] => 2025-09-06 21:58:30
            [fecha_limite] => 2025-09-14 04:59:00
            [estado_prueba] => ACTIVA
            [total_preguntas] => 1
            [total_lecturas] => 1
            [total_estudiantes_grupo] => 6
            [estudiantes_participaron] => 2
            [porcentaje_participacion] => 33.33
        )

    [1] => Array
        (
            [grupo_id] => 26
            [grupo] => 1
            [grado] => Once
            [jornada] => Mañana
            [prueba_id] => 7
            [prueba_nombre] => Basic Grammar and Vocabulary
            [prueba_descripcion] => Test on fundamental English grammar rules and vocabulary
            [asignatura] => Español
            [profesor] => MARVIN PEREZ
            [email_profesor] => marvin.santos@soy.sena.edu.co
            [fecha_asignacion] => 2025-09-05 04:47:28
            [fecha_limite] => 2025-09-12 04:59:00
            [estado_prueba] => ACTIVA
            [total_preguntas] => 2
            [total_lecturas] => 0
            [total_estudiantes_grupo] => 6
            [estudiantes_participaron] => 4
            [porcentaje_participacion] => 66.67
        )

    [2] => Array
        (
            [grupo_id] => 26
            [grupo] => 1
            [grado] => Once
            [jornada] => Mañana
            [prueba_id] => 3
            [prueba_nombre] => Examen de Álgebra Básica
            [prueba_descripcion] => Evaluación de conceptos fundamentales de álgebra para grado séptimo
            [asignatura] => Español
            [profesor] => MARVIN PEREZ
            [email_profesor] => marvin.santos@soy.sena.edu.co
            [fecha_asignacion] => 2025-09-04 14:01:30
            [fecha_limite] => 2025-09-12 04:59:00
            [estado_prueba] => ACTIVA
            [total_preguntas] => 15
            [total_lecturas] => 3
            [total_estudiantes_grupo] => 6
            [estudiantes_participaron] => 5
            [porcentaje_participacion] => 83.33
        )

    [3] => Array
        (
            [grupo_id] => 26
            [grupo] => 1
            [grado] => Once
            [jornada] => Mañana
            [prueba_id] => 6
            [prueba_nombre] => Historia de Colombia
            [prueba_descripcion] => Evaluación sobre los períodos históricos más importantes de Colombia
            [asignatura] => Español
            [profesor] => MARVIN PEREZ
            [email_profesor] => marvin.santos@soy.sena.edu.co
            [fecha_asignacion] => 2025-09-04 13:57:12
            [fecha_limite] => 2025-09-12 04:59:00
            [estado_prueba] => ACTIVA
            [total_preguntas] => 2
            [total_lecturas] => 0
            [total_estudiantes_grupo] => 6
            [estudiantes_participaron] => 3
            [porcentaje_participacion] => 50.00
        )

    [4] => Array
        (
            [grupo_id] => 26
            [grupo] => 1
            [grado] => Once
            [jornada] => Mañana
            [prueba_id] => 2
            [prueba_nombre] => PRUEBA DE COMPRENSIÓN LECTORA Y PREGUNTAS SUELTAS
            [prueba_descripcion] => eqwrtaewrtafd
            [asignatura] => Español
            [profesor] => MARVIN PEREZ
            [email_profesor] => marvin.santos@soy.sena.edu.co
            [fecha_asignacion] => 2025-09-04 12:31:58
            [fecha_limite] => 2025-09-12 04:59:00
            [estado_prueba] => ACTIVA
            [total_preguntas] => 4
            [total_lecturas] => 1
            [total_estudiantes_grupo] => 6
            [estudiantes_participaron] => 2
            [porcentaje_participacion] => 33.33
        )

    [5] => Array
        (
            [grupo_id] => 26
            [grupo] => 1
            [grado] => Once
            [jornada] => Mañana
            [prueba_id] => 1
            [prueba_nombre] => PRUEBA DE COMPRENSIÓN LECTORA Y PREGUNTAS SUELTAS
            [prueba_descripcion] => srtyhsetysetrgserg
            [asignatura] => Español
            [profesor] => MARVIN PEREZ
            [email_profesor] => marvin.santos@soy.sena.edu.co
            [fecha_asignacion] => 2025-09-04 12:19:48
            [fecha_limite] => 2025-09-12 04:59:00
            [estado_prueba] => ACTIVA
            [total_preguntas] => 1
            [total_lecturas] => 1
            [total_estudiantes_grupo] => 6
            [estudiantes_participaron] => 3
            [porcentaje_participacion] => 50.00
        )

)

INFO - 2025-09-06 23:56:07 --> Session: Class initialized using 'CodeIgniter\Session\Handlers\FileHandler' driver.
INFO - 2025-09-06 23:59:30 --> Session: Class initialized using 'CodeIgniter\Session\Handlers\FileHandler' driver.
DEBUG - 2025-09-06 23:59:30 --> Grupo ID del estudiante: 26
DEBUG - 2025-09-06 23:59:30 --> Pruebas respondidas: Array
(
    [0] => 1
    [1] => 3
    [2] => 6
    [3] => 2
    [4] => 8
    [5] => 7
)

DEBUG - 2025-09-06 23:59:30 --> Pruebas asignadas: Array
(
    [0] => Array
        (
            [grupo_id] => 26
            [grupo] => 1
            [grado] => Once
            [jornada] => Mañana
            [prueba_id] => 8
            [prueba_nombre] => PRUEBA DE COMPRENSIÓN LECTORA Y PREGUNTAS SUELTAS
            [prueba_descripcion] => xnxcb
            [asignatura] => Ciencias Naturales
            [profesor] => Andre Perez
            [email_profesor] => marvin2.santos@soy.sena.edu.co
            [fecha_asignacion] => 2025-09-06 21:58:30
            [fecha_limite] => 2025-09-14 04:59:00
            [estado_prueba] => ACTIVA
            [total_preguntas] => 1
            [total_lecturas] => 1
            [total_estudiantes_grupo] => 6
            [estudiantes_participaron] => 2
            [porcentaje_participacion] => 33.33
        )

    [1] => Array
        (
            [grupo_id] => 26
            [grupo] => 1
            [grado] => Once
            [jornada] => Mañana
            [prueba_id] => 7
            [prueba_nombre] => Basic Grammar and Vocabulary
            [prueba_descripcion] => Test on fundamental English grammar rules and vocabulary
            [asignatura] => Español
            [profesor] => MARVIN PEREZ
            [email_profesor] => marvin.santos@soy.sena.edu.co
            [fecha_asignacion] => 2025-09-05 04:47:28
            [fecha_limite] => 2025-09-12 04:59:00
            [estado_prueba] => ACTIVA
            [total_preguntas] => 2
            [total_lecturas] => 0
            [total_estudiantes_grupo] => 6
            [estudiantes_participaron] => 4
            [porcentaje_participacion] => 66.67
        )

    [2] => Array
        (
            [grupo_id] => 26
            [grupo] => 1
            [grado] => Once
            [jornada] => Mañana
            [prueba_id] => 3
            [prueba_nombre] => Examen de Álgebra Básica
            [prueba_descripcion] => Evaluación de conceptos fundamentales de álgebra para grado séptimo
            [asignatura] => Español
            [profesor] => MARVIN PEREZ
            [email_profesor] => marvin.santos@soy.sena.edu.co
            [fecha_asignacion] => 2025-09-04 14:01:30
            [fecha_limite] => 2025-09-12 04:59:00
            [estado_prueba] => ACTIVA
            [total_preguntas] => 15
            [total_lecturas] => 3
            [total_estudiantes_grupo] => 6
            [estudiantes_participaron] => 5
            [porcentaje_participacion] => 83.33
        )

    [3] => Array
        (
            [grupo_id] => 26
            [grupo] => 1
            [grado] => Once
            [jornada] => Mañana
            [prueba_id] => 6
            [prueba_nombre] => Historia de Colombia
            [prueba_descripcion] => Evaluación sobre los períodos históricos más importantes de Colombia
            [asignatura] => Español
            [profesor] => MARVIN PEREZ
            [email_profesor] => marvin.santos@soy.sena.edu.co
            [fecha_asignacion] => 2025-09-04 13:57:12
            [fecha_limite] => 2025-09-12 04:59:00
            [estado_prueba] => ACTIVA
            [total_preguntas] => 2
            [total_lecturas] => 0
            [total_estudiantes_grupo] => 6
            [estudiantes_participaron] => 3
            [porcentaje_participacion] => 50.00
        )

    [4] => Array
        (
            [grupo_id] => 26
            [grupo] => 1
            [grado] => Once
            [jornada] => Mañana
            [prueba_id] => 2
            [prueba_nombre] => PRUEBA DE COMPRENSIÓN LECTORA Y PREGUNTAS SUELTAS
            [prueba_descripcion] => eqwrtaewrtafd
            [asignatura] => Español
            [profesor] => MARVIN PEREZ
            [email_profesor] => marvin.santos@soy.sena.edu.co
            [fecha_asignacion] => 2025-09-04 12:31:58
            [fecha_limite] => 2025-09-12 04:59:00
            [estado_prueba] => ACTIVA
            [total_preguntas] => 4
            [total_lecturas] => 1
            [total_estudiantes_grupo] => 6
            [estudiantes_participaron] => 2
            [porcentaje_participacion] => 33.33
        )

    [5] => Array
        (
            [grupo_id] => 26
            [grupo] => 1
            [grado] => Once
            [jornada] => Mañana
            [prueba_id] => 1
            [prueba_nombre] => PRUEBA DE COMPRENSIÓN LECTORA Y PREGUNTAS SUELTAS
            [prueba_descripcion] => srtyhsetysetrgserg
            [asignatura] => Español
            [profesor] => MARVIN PEREZ
            [email_profesor] => marvin.santos@soy.sena.edu.co
            [fecha_asignacion] => 2025-09-04 12:19:48
            [fecha_limite] => 2025-09-12 04:59:00
            [estado_prueba] => ACTIVA
            [total_preguntas] => 1
            [total_lecturas] => 1
            [total_estudiantes_grupo] => 6
            [estudiantes_participaron] => 3
            [porcentaje_participacion] => 50.00
        )

)

INFO - 2025-09-06 23:59:33 --> Session: Class initialized using 'CodeIgniter\Session\Handlers\FileHandler' driver.
INFO - 2025-09-06 23:59:33 --> Session: Class initialized using 'CodeIgniter\Session\Handlers\FileHandler' driver.
INFO - 2025-09-06 23:59:33 --> Usuario autenticado con role_id: 
INFO - 2025-09-06 23:59:47 --> El método authenticate fue llamado
INFO - 2025-09-06 23:59:47 --> Intento de inicio de sesión para el usuario: marvin.santos@soy.sena.edu.co
INFO - 2025-09-06 23:59:47 --> Intento de inicio de sesión para el usuario: marvin.santos@soy.sena.edu.co
INFO - 2025-09-06 23:59:48 --> Session: Class initialized using 'CodeIgniter\Session\Handlers\FileHandler' driver.
INFO - 2025-09-06 23:59:48 --> Session: Class initialized using 'CodeIgniter\Session\Handlers\FileHandler' driver.
INFO - 2025-09-06 23:59:51 --> Session: Class initialized using 'CodeIgniter\Session\Handlers\FileHandler' driver.
INFO - 2025-09-06 23:59:55 --> Session: Class initialized using 'CodeIgniter\Session\Handlers\FileHandler' driver.
