INFO - 2025-06-21 06:26:12 --> Session: Class initialized using 'CodeIgniter\Session\Handlers\FileHandler' driver.
INFO - 2025-06-21 06:26:22 --> Session: Class initialized using 'CodeIgniter\Session\Handlers\FileHandler' driver.
INFO - 2025-06-21 06:26:22 --> Usuario autenticado con role_id: 
ERROR - 2025-06-21 07:10:45 --> mysqli_sql_exception: Table 'roles' already exists in C:\laragon\www\NOVA\system\Database\MySQLi\Connection.php:312
Stack trace:
#0 C:\laragon\www\NOVA\system\Database\MySQLi\Connection.php(312): mysqli->query('CREATE TABLE `r...', 0)
#1 C:\laragon\www\NOVA\system\Database\BaseConnection.php(734): CodeIgniter\Database\MySQLi\Connection->execute('CREATE TABLE `r...')
#2 C:\laragon\www\NOVA\system\Database\BaseConnection.php(648): CodeIgniter\Database\BaseConnection->simpleQuery('CREATE TABLE `r...')
#3 C:\laragon\www\NOVA\system\Database\Forge.php(570): CodeIgniter\Database\BaseConnection->query('CREATE TABLE `r...')
#4 C:\laragon\www\NOVA\app\Database\Migrations\2025-06-21-070125_CreateRoles.php(16): CodeIgniter\Database\Forge->createTable('roles')
#5 C:\laragon\www\NOVA\system\Database\MigrationRunner.php(867): App\Database\Migrations\CreateRoles->up()
#6 C:\laragon\www\NOVA\system\Database\MigrationRunner.php(183): CodeIgniter\Database\MigrationRunner->migrate('up', Object(stdClass))
#7 C:\laragon\www\NOVA\system\Commands\Database\Migrate.php(85): CodeIgniter\Database\MigrationRunner->latest(NULL)
#8 C:\laragon\www\NOVA\system\CLI\Commands.php(70): CodeIgniter\Commands\Database\Migrate->run(Array)
#9 C:\laragon\www\NOVA\system\CLI\Console.php(48): CodeIgniter\CLI\Commands->run('migrate', Array)
#10 C:\laragon\www\NOVA\system\Boot.php(351): CodeIgniter\CLI\Console->run()
#11 C:\laragon\www\NOVA\system\Boot.php(104): CodeIgniter\Boot::runCommand(Object(CodeIgniter\CLI\Console))
#12 C:\laragon\www\NOVA\spark(84): CodeIgniter\Boot::bootSpark(Object(Config\Paths))
#13 {main}
ERROR - 2025-06-21 07:11:28 --> mysqli_sql_exception: Unknown column 'namespace' in 'where clause' in C:\laragon\www\NOVA\system\Database\MySQLi\Connection.php:312
Stack trace:
#0 C:\laragon\www\NOVA\system\Database\MySQLi\Connection.php(312): mysqli->query('SELECT *\nFROM `...', 0)
#1 C:\laragon\www\NOVA\system\Database\BaseConnection.php(734): CodeIgniter\Database\MySQLi\Connection->execute('SELECT *\nFROM `...')
#2 C:\laragon\www\NOVA\system\Database\BaseConnection.php(648): CodeIgniter\Database\BaseConnection->simpleQuery('SELECT *\nFROM `...')
#3 C:\laragon\www\NOVA\system\Database\BaseBuilder.php(1636): CodeIgniter\Database\BaseConnection->query('SELECT *\nFROM `...', Array, false)
#4 C:\laragon\www\NOVA\system\Database\MigrationRunner.php(653): CodeIgniter\Database\BaseBuilder->get()
#5 C:\laragon\www\NOVA\system\Database\MigrationRunner.php(176): CodeIgniter\Database\MigrationRunner->getHistory('')
#6 C:\laragon\www\NOVA\system\Commands\Database\Migrate.php(85): CodeIgniter\Database\MigrationRunner->latest(NULL)
#7 C:\laragon\www\NOVA\system\CLI\Commands.php(70): CodeIgniter\Commands\Database\Migrate->run(Array)
#8 C:\laragon\www\NOVA\system\CLI\Console.php(48): CodeIgniter\CLI\Commands->run('migrate', Array)
#9 C:\laragon\www\NOVA\system\Boot.php(351): CodeIgniter\CLI\Console->run()
#10 C:\laragon\www\NOVA\system\Boot.php(104): CodeIgniter\Boot::runCommand(Object(CodeIgniter\CLI\Console))
#11 C:\laragon\www\NOVA\spark(84): CodeIgniter\Boot::bootSpark(Object(Config\Paths))
#12 {main}
ERROR - 2025-06-21 07:13:03 --> mysqli_sql_exception: Referencing column 'asignatura_id' and referenced column 'id' in foreign key constraint 'lecturas_asignatura_id_foreign' are incompatible. in C:\laragon\www\NOVA\system\Database\MySQLi\Connection.php:312
Stack trace:
#0 C:\laragon\www\NOVA\system\Database\MySQLi\Connection.php(312): mysqli->query('CREATE TABLE `l...', 0)
#1 C:\laragon\www\NOVA\system\Database\BaseConnection.php(734): CodeIgniter\Database\MySQLi\Connection->execute('CREATE TABLE `l...')
#2 C:\laragon\www\NOVA\system\Database\BaseConnection.php(648): CodeIgniter\Database\BaseConnection->simpleQuery('CREATE TABLE `l...')
#3 C:\laragon\www\NOVA\system\Database\Forge.php(570): CodeIgniter\Database\BaseConnection->query('CREATE TABLE `l...')
#4 C:\laragon\www\NOVA\app\Database\Migrations\2025-06-21-070127_CreateLecturas.php(19): CodeIgniter\Database\Forge->createTable('lecturas')
#5 C:\laragon\www\NOVA\system\Database\MigrationRunner.php(867): App\Database\Migrations\CreateLecturas->up()
#6 C:\laragon\www\NOVA\system\Database\MigrationRunner.php(183): CodeIgniter\Database\MigrationRunner->migrate('up', Object(stdClass))
#7 C:\laragon\www\NOVA\system\Commands\Database\Migrate.php(85): CodeIgniter\Database\MigrationRunner->latest(NULL)
#8 C:\laragon\www\NOVA\system\CLI\Commands.php(70): CodeIgniter\Commands\Database\Migrate->run(Array)
#9 C:\laragon\www\NOVA\system\CLI\Console.php(48): CodeIgniter\CLI\Commands->run('migrate', Array)
#10 C:\laragon\www\NOVA\system\Boot.php(351): CodeIgniter\CLI\Console->run()
#11 C:\laragon\www\NOVA\system\Boot.php(104): CodeIgniter\Boot::runCommand(Object(CodeIgniter\CLI\Console))
#12 C:\laragon\www\NOVA\spark(84): CodeIgniter\Boot::bootSpark(Object(Config\Paths))
#13 {main}
ERROR - 2025-06-21 07:23:40 --> mysqli_sql_exception: Referencing column 'asignatura_id' and referenced column 'id' in foreign key constraint 'lecturas_asignatura_id_foreign' are incompatible. in C:\laragon\www\NOVA\system\Database\MySQLi\Connection.php:312
Stack trace:
#0 C:\laragon\www\NOVA\system\Database\MySQLi\Connection.php(312): mysqli->query('CREATE TABLE `l...', 0)
#1 C:\laragon\www\NOVA\system\Database\BaseConnection.php(734): CodeIgniter\Database\MySQLi\Connection->execute('CREATE TABLE `l...')
#2 C:\laragon\www\NOVA\system\Database\BaseConnection.php(648): CodeIgniter\Database\BaseConnection->simpleQuery('CREATE TABLE `l...')
#3 C:\laragon\www\NOVA\system\Database\Forge.php(570): CodeIgniter\Database\BaseConnection->query('CREATE TABLE `l...')
#4 C:\laragon\www\NOVA\app\Database\Migrations\2025-06-21-070127_CreateLecturas.php(19): CodeIgniter\Database\Forge->createTable('lecturas')
#5 C:\laragon\www\NOVA\system\Database\MigrationRunner.php(867): App\Database\Migrations\CreateLecturas->up()
#6 C:\laragon\www\NOVA\system\Database\MigrationRunner.php(183): CodeIgniter\Database\MigrationRunner->migrate('up', Object(stdClass))
#7 C:\laragon\www\NOVA\system\Commands\Database\Migrate.php(85): CodeIgniter\Database\MigrationRunner->latest(NULL)
#8 C:\laragon\www\NOVA\system\CLI\Commands.php(70): CodeIgniter\Commands\Database\Migrate->run(Array)
#9 C:\laragon\www\NOVA\system\CLI\Console.php(48): CodeIgniter\CLI\Commands->run('migrate', Array)
#10 C:\laragon\www\NOVA\system\Boot.php(351): CodeIgniter\CLI\Console->run()
#11 C:\laragon\www\NOVA\system\Boot.php(104): CodeIgniter\Boot::runCommand(Object(CodeIgniter\CLI\Console))
#12 C:\laragon\www\NOVA\spark(84): CodeIgniter\Boot::bootSpark(Object(Config\Paths))
#13 {main}
ERROR - 2025-06-21 07:25:44 --> mysqli_sql_exception: Referencing column 'asignatura_id' and referenced column 'id' in foreign key constraint 'lecturas_asignatura_id_foreign' are incompatible. in C:\laragon\www\NOVA\system\Database\MySQLi\Connection.php:312
Stack trace:
#0 C:\laragon\www\NOVA\system\Database\MySQLi\Connection.php(312): mysqli->query('CREATE TABLE `l...', 0)
#1 C:\laragon\www\NOVA\system\Database\BaseConnection.php(734): CodeIgniter\Database\MySQLi\Connection->execute('CREATE TABLE `l...')
#2 C:\laragon\www\NOVA\system\Database\BaseConnection.php(648): CodeIgniter\Database\BaseConnection->simpleQuery('CREATE TABLE `l...')
#3 C:\laragon\www\NOVA\system\Database\Forge.php(570): CodeIgniter\Database\BaseConnection->query('CREATE TABLE `l...')
#4 C:\laragon\www\NOVA\app\Database\Migrations\2025-06-21-070127_CreateLecturas.php(19): CodeIgniter\Database\Forge->createTable('lecturas')
#5 C:\laragon\www\NOVA\system\Database\MigrationRunner.php(867): App\Database\Migrations\CreateLecturas->up()
#6 C:\laragon\www\NOVA\system\Database\MigrationRunner.php(183): CodeIgniter\Database\MigrationRunner->migrate('up', Object(stdClass))
#7 C:\laragon\www\NOVA\system\Commands\Database\Migrate.php(85): CodeIgniter\Database\MigrationRunner->latest(NULL)
#8 C:\laragon\www\NOVA\system\CLI\Commands.php(70): CodeIgniter\Commands\Database\Migrate->run(Array)
#9 C:\laragon\www\NOVA\system\CLI\BaseCommand.php(119): CodeIgniter\CLI\Commands->run('migrate', Array)
#10 C:\laragon\www\NOVA\system\Commands\Database\MigrateRefresh.php(87): CodeIgniter\CLI\BaseCommand->call('migrate', Array)
#11 C:\laragon\www\NOVA\system\CLI\Commands.php(70): CodeIgniter\Commands\Database\MigrateRefresh->run(Array)
#12 C:\laragon\www\NOVA\system\CLI\Console.php(48): CodeIgniter\CLI\Commands->run('migrate:refresh', Array)
#13 C:\laragon\www\NOVA\system\Boot.php(351): CodeIgniter\CLI\Console->run()
#14 C:\laragon\www\NOVA\system\Boot.php(104): CodeIgniter\Boot::runCommand(Object(CodeIgniter\CLI\Console))
#15 C:\laragon\www\NOVA\spark(84): CodeIgniter\Boot::bootSpark(Object(Config\Paths))
#16 {main}
ERROR - 2025-06-21 07:31:25 --> mysqli_sql_exception: Referencing column 'asignatura_id' and referenced column 'id' in foreign key constraint 'lecturas_asignatura_id_foreign' are incompatible. in C:\laragon\www\NOVA\system\Database\MySQLi\Connection.php:312
Stack trace:
#0 C:\laragon\www\NOVA\system\Database\MySQLi\Connection.php(312): mysqli->query('CREATE TABLE `l...', 0)
#1 C:\laragon\www\NOVA\system\Database\BaseConnection.php(734): CodeIgniter\Database\MySQLi\Connection->execute('CREATE TABLE `l...')
#2 C:\laragon\www\NOVA\system\Database\BaseConnection.php(648): CodeIgniter\Database\BaseConnection->simpleQuery('CREATE TABLE `l...')
#3 C:\laragon\www\NOVA\system\Database\Forge.php(570): CodeIgniter\Database\BaseConnection->query('CREATE TABLE `l...')
#4 C:\laragon\www\NOVA\app\Database\Migrations\2025-06-21-070127_CreateLecturas.php(19): CodeIgniter\Database\Forge->createTable('lecturas')
#5 C:\laragon\www\NOVA\system\Database\MigrationRunner.php(867): App\Database\Migrations\CreateLecturas->up()
#6 C:\laragon\www\NOVA\system\Database\MigrationRunner.php(183): CodeIgniter\Database\MigrationRunner->migrate('up', Object(stdClass))
#7 C:\laragon\www\NOVA\system\Commands\Database\Migrate.php(85): CodeIgniter\Database\MigrationRunner->latest(NULL)
#8 C:\laragon\www\NOVA\system\CLI\Commands.php(70): CodeIgniter\Commands\Database\Migrate->run(Array)
#9 C:\laragon\www\NOVA\system\CLI\BaseCommand.php(119): CodeIgniter\CLI\Commands->run('migrate', Array)
#10 C:\laragon\www\NOVA\system\Commands\Database\MigrateRefresh.php(87): CodeIgniter\CLI\BaseCommand->call('migrate', Array)
#11 C:\laragon\www\NOVA\system\CLI\Commands.php(70): CodeIgniter\Commands\Database\MigrateRefresh->run(Array)
#12 C:\laragon\www\NOVA\system\CLI\Console.php(48): CodeIgniter\CLI\Commands->run('migrate:refresh', Array)
#13 C:\laragon\www\NOVA\system\Boot.php(351): CodeIgniter\CLI\Console->run()
#14 C:\laragon\www\NOVA\system\Boot.php(104): CodeIgniter\Boot::runCommand(Object(CodeIgniter\CLI\Console))
#15 C:\laragon\www\NOVA\spark(84): CodeIgniter\Boot::bootSpark(Object(Config\Paths))
#16 {main}
ERROR - 2025-06-21 07:32:10 --> mysqli_sql_exception: Referencing column 'asignatura_id' and referenced column 'id' in foreign key constraint 'lecturas_asignatura_id_foreign' are incompatible. in C:\laragon\www\NOVA\system\Database\MySQLi\Connection.php:312
Stack trace:
#0 C:\laragon\www\NOVA\system\Database\MySQLi\Connection.php(312): mysqli->query('CREATE TABLE `l...', 0)
#1 C:\laragon\www\NOVA\system\Database\BaseConnection.php(734): CodeIgniter\Database\MySQLi\Connection->execute('CREATE TABLE `l...')
#2 C:\laragon\www\NOVA\system\Database\BaseConnection.php(648): CodeIgniter\Database\BaseConnection->simpleQuery('CREATE TABLE `l...')
#3 C:\laragon\www\NOVA\system\Database\Forge.php(570): CodeIgniter\Database\BaseConnection->query('CREATE TABLE `l...')
#4 C:\laragon\www\NOVA\app\Database\Migrations\2025-06-21-070127_CreateLecturas.php(19): CodeIgniter\Database\Forge->createTable('lecturas')
#5 C:\laragon\www\NOVA\system\Database\MigrationRunner.php(867): App\Database\Migrations\CreateLecturas->up()
#6 C:\laragon\www\NOVA\system\Database\MigrationRunner.php(183): CodeIgniter\Database\MigrationRunner->migrate('up', Object(stdClass))
#7 C:\laragon\www\NOVA\system\Commands\Database\Migrate.php(85): CodeIgniter\Database\MigrationRunner->latest(NULL)
#8 C:\laragon\www\NOVA\system\CLI\Commands.php(70): CodeIgniter\Commands\Database\Migrate->run(Array)
#9 C:\laragon\www\NOVA\system\CLI\BaseCommand.php(119): CodeIgniter\CLI\Commands->run('migrate', Array)
#10 C:\laragon\www\NOVA\system\Commands\Database\MigrateRefresh.php(87): CodeIgniter\CLI\BaseCommand->call('migrate', Array)
#11 C:\laragon\www\NOVA\system\CLI\Commands.php(70): CodeIgniter\Commands\Database\MigrateRefresh->run(Array)
#12 C:\laragon\www\NOVA\system\CLI\Console.php(48): CodeIgniter\CLI\Commands->run('migrate:refresh', Array)
#13 C:\laragon\www\NOVA\system\Boot.php(351): CodeIgniter\CLI\Console->run()
#14 C:\laragon\www\NOVA\system\Boot.php(104): CodeIgniter\Boot::runCommand(Object(CodeIgniter\CLI\Console))
#15 C:\laragon\www\NOVA\spark(84): CodeIgniter\Boot::bootSpark(Object(Config\Paths))
#16 {main}
ERROR - 2025-06-21 07:33:19 --> mysqli_sql_exception: Referencing column 'asignatura_id' and referenced column 'id' in foreign key constraint 'lecturas_asignatura_id_foreign' are incompatible. in C:\laragon\www\NOVA\system\Database\MySQLi\Connection.php:312
Stack trace:
#0 C:\laragon\www\NOVA\system\Database\MySQLi\Connection.php(312): mysqli->query('CREATE TABLE `l...', 0)
#1 C:\laragon\www\NOVA\system\Database\BaseConnection.php(734): CodeIgniter\Database\MySQLi\Connection->execute('CREATE TABLE `l...')
#2 C:\laragon\www\NOVA\system\Database\BaseConnection.php(648): CodeIgniter\Database\BaseConnection->simpleQuery('CREATE TABLE `l...')
#3 C:\laragon\www\NOVA\system\Database\Forge.php(570): CodeIgniter\Database\BaseConnection->query('CREATE TABLE `l...')
#4 C:\laragon\www\NOVA\app\Database\Migrations\2025-06-21-070127_CreateLecturas.php(19): CodeIgniter\Database\Forge->createTable('lecturas')
#5 C:\laragon\www\NOVA\system\Database\MigrationRunner.php(867): App\Database\Migrations\CreateLecturas->up()
#6 C:\laragon\www\NOVA\system\Database\MigrationRunner.php(183): CodeIgniter\Database\MigrationRunner->migrate('up', Object(stdClass))
#7 C:\laragon\www\NOVA\system\Commands\Database\Migrate.php(85): CodeIgniter\Database\MigrationRunner->latest(NULL)
#8 C:\laragon\www\NOVA\system\CLI\Commands.php(70): CodeIgniter\Commands\Database\Migrate->run(Array)
#9 C:\laragon\www\NOVA\system\CLI\BaseCommand.php(119): CodeIgniter\CLI\Commands->run('migrate', Array)
#10 C:\laragon\www\NOVA\system\Commands\Database\MigrateRefresh.php(87): CodeIgniter\CLI\BaseCommand->call('migrate', Array)
#11 C:\laragon\www\NOVA\system\CLI\Commands.php(70): CodeIgniter\Commands\Database\MigrateRefresh->run(Array)
#12 C:\laragon\www\NOVA\system\CLI\Console.php(48): CodeIgniter\CLI\Commands->run('migrate:refresh', Array)
#13 C:\laragon\www\NOVA\system\Boot.php(351): CodeIgniter\CLI\Console->run()
#14 C:\laragon\www\NOVA\system\Boot.php(104): CodeIgniter\Boot::runCommand(Object(CodeIgniter\CLI\Console))
#15 C:\laragon\www\NOVA\spark(84): CodeIgniter\Boot::bootSpark(Object(Config\Paths))
#16 {main}
ERROR - 2025-06-21 07:33:34 --> mysqli_sql_exception: Referencing column 'asignatura_id' and referenced column 'id' in foreign key constraint 'lecturas_asignatura_id_foreign' are incompatible. in C:\laragon\www\NOVA\system\Database\MySQLi\Connection.php:312
Stack trace:
#0 C:\laragon\www\NOVA\system\Database\MySQLi\Connection.php(312): mysqli->query('CREATE TABLE `l...', 0)
#1 C:\laragon\www\NOVA\system\Database\BaseConnection.php(734): CodeIgniter\Database\MySQLi\Connection->execute('CREATE TABLE `l...')
#2 C:\laragon\www\NOVA\system\Database\BaseConnection.php(648): CodeIgniter\Database\BaseConnection->simpleQuery('CREATE TABLE `l...')
#3 C:\laragon\www\NOVA\system\Database\Forge.php(570): CodeIgniter\Database\BaseConnection->query('CREATE TABLE `l...')
#4 C:\laragon\www\NOVA\app\Database\Migrations\2025-06-21-070127_CreateLecturas.php(19): CodeIgniter\Database\Forge->createTable('lecturas')
#5 C:\laragon\www\NOVA\system\Database\MigrationRunner.php(867): App\Database\Migrations\CreateLecturas->up()
#6 C:\laragon\www\NOVA\system\Database\MigrationRunner.php(183): CodeIgniter\Database\MigrationRunner->migrate('up', Object(stdClass))
#7 C:\laragon\www\NOVA\system\Commands\Database\Migrate.php(85): CodeIgniter\Database\MigrationRunner->latest(NULL)
#8 C:\laragon\www\NOVA\system\CLI\Commands.php(70): CodeIgniter\Commands\Database\Migrate->run(Array)
#9 C:\laragon\www\NOVA\system\CLI\BaseCommand.php(119): CodeIgniter\CLI\Commands->run('migrate', Array)
#10 C:\laragon\www\NOVA\system\Commands\Database\MigrateRefresh.php(87): CodeIgniter\CLI\BaseCommand->call('migrate', Array)
#11 C:\laragon\www\NOVA\system\CLI\Commands.php(70): CodeIgniter\Commands\Database\MigrateRefresh->run(Array)
#12 C:\laragon\www\NOVA\system\CLI\Console.php(48): CodeIgniter\CLI\Commands->run('migrate:refresh', Array)
#13 C:\laragon\www\NOVA\system\Boot.php(351): CodeIgniter\CLI\Console->run()
#14 C:\laragon\www\NOVA\system\Boot.php(104): CodeIgniter\Boot::runCommand(Object(CodeIgniter\CLI\Console))
#15 C:\laragon\www\NOVA\spark(84): CodeIgniter\Boot::bootSpark(Object(Config\Paths))
#16 {main}
ERROR - 2025-06-21 07:34:16 --> mysqli_sql_exception: Referencing column 'pregunta_id' and referenced column 'id' in foreign key constraint 'lecturas_preguntas_pregunta_id_foreign' are incompatible. in C:\laragon\www\NOVA\system\Database\MySQLi\Connection.php:312
Stack trace:
#0 C:\laragon\www\NOVA\system\Database\MySQLi\Connection.php(312): mysqli->query('CREATE TABLE `l...', 0)
#1 C:\laragon\www\NOVA\system\Database\BaseConnection.php(734): CodeIgniter\Database\MySQLi\Connection->execute('CREATE TABLE `l...')
#2 C:\laragon\www\NOVA\system\Database\BaseConnection.php(648): CodeIgniter\Database\BaseConnection->simpleQuery('CREATE TABLE `l...')
#3 C:\laragon\www\NOVA\system\Database\Forge.php(570): CodeIgniter\Database\BaseConnection->query('CREATE TABLE `l...')
#4 C:\laragon\www\NOVA\app\Database\Migrations\2025-06-21-070128_CreateLecturasPreguntas.php(17): CodeIgniter\Database\Forge->createTable('lecturas_pregun...')
#5 C:\laragon\www\NOVA\system\Database\MigrationRunner.php(867): App\Database\Migrations\CreateLecturasPreguntas->up()
#6 C:\laragon\www\NOVA\system\Database\MigrationRunner.php(183): CodeIgniter\Database\MigrationRunner->migrate('up', Object(stdClass))
#7 C:\laragon\www\NOVA\system\Commands\Database\Migrate.php(85): CodeIgniter\Database\MigrationRunner->latest(NULL)
#8 C:\laragon\www\NOVA\system\CLI\Commands.php(70): CodeIgniter\Commands\Database\Migrate->run(Array)
#9 C:\laragon\www\NOVA\system\CLI\BaseCommand.php(119): CodeIgniter\CLI\Commands->run('migrate', Array)
#10 C:\laragon\www\NOVA\system\Commands\Database\MigrateRefresh.php(87): CodeIgniter\CLI\BaseCommand->call('migrate', Array)
#11 C:\laragon\www\NOVA\system\CLI\Commands.php(70): CodeIgniter\Commands\Database\MigrateRefresh->run(Array)
#12 C:\laragon\www\NOVA\system\CLI\Console.php(48): CodeIgniter\CLI\Commands->run('migrate:refresh', Array)
#13 C:\laragon\www\NOVA\system\Boot.php(351): CodeIgniter\CLI\Console->run()
#14 C:\laragon\www\NOVA\system\Boot.php(104): CodeIgniter\Boot::runCommand(Object(CodeIgniter\CLI\Console))
#15 C:\laragon\www\NOVA\spark(84): CodeIgniter\Boot::bootSpark(Object(Config\Paths))
#16 {main}
ERROR - 2025-06-21 07:35:51 --> mysqli_sql_exception: Referencing column 'pregunta_id' and referenced column 'id' in foreign key constraint 'lecturas_preguntas_pregunta_id_foreign' are incompatible. in C:\laragon\www\NOVA\system\Database\MySQLi\Connection.php:312
Stack trace:
#0 C:\laragon\www\NOVA\system\Database\MySQLi\Connection.php(312): mysqli->query('CREATE TABLE `l...', 0)
#1 C:\laragon\www\NOVA\system\Database\BaseConnection.php(734): CodeIgniter\Database\MySQLi\Connection->execute('CREATE TABLE `l...')
#2 C:\laragon\www\NOVA\system\Database\BaseConnection.php(648): CodeIgniter\Database\BaseConnection->simpleQuery('CREATE TABLE `l...')
#3 C:\laragon\www\NOVA\system\Database\Forge.php(570): CodeIgniter\Database\BaseConnection->query('CREATE TABLE `l...')
#4 C:\laragon\www\NOVA\app\Database\Migrations\2025-06-21-070128_CreateLecturasPreguntas.php(17): CodeIgniter\Database\Forge->createTable('lecturas_pregun...')
#5 C:\laragon\www\NOVA\system\Database\MigrationRunner.php(867): App\Database\Migrations\CreateLecturasPreguntas->up()
#6 C:\laragon\www\NOVA\system\Database\MigrationRunner.php(183): CodeIgniter\Database\MigrationRunner->migrate('up', Object(stdClass))
#7 C:\laragon\www\NOVA\system\Commands\Database\Migrate.php(85): CodeIgniter\Database\MigrationRunner->latest(NULL)
#8 C:\laragon\www\NOVA\system\CLI\Commands.php(70): CodeIgniter\Commands\Database\Migrate->run(Array)
#9 C:\laragon\www\NOVA\system\CLI\BaseCommand.php(119): CodeIgniter\CLI\Commands->run('migrate', Array)
#10 C:\laragon\www\NOVA\system\Commands\Database\MigrateRefresh.php(87): CodeIgniter\CLI\BaseCommand->call('migrate', Array)
#11 C:\laragon\www\NOVA\system\CLI\Commands.php(70): CodeIgniter\Commands\Database\MigrateRefresh->run(Array)
#12 C:\laragon\www\NOVA\system\CLI\Console.php(48): CodeIgniter\CLI\Commands->run('migrate:refresh', Array)
#13 C:\laragon\www\NOVA\system\Boot.php(351): CodeIgniter\CLI\Console->run()
#14 C:\laragon\www\NOVA\system\Boot.php(104): CodeIgniter\Boot::runCommand(Object(CodeIgniter\CLI\Console))
#15 C:\laragon\www\NOVA\spark(84): CodeIgniter\Boot::bootSpark(Object(Config\Paths))
#16 {main}
ERROR - 2025-06-21 07:36:25 --> mysqli_sql_exception: Referencing column 'pregunta_id' and referenced column 'id' in foreign key constraint 'lecturas_preguntas_pregunta_id_foreign' are incompatible. in C:\laragon\www\NOVA\system\Database\MySQLi\Connection.php:312
Stack trace:
#0 C:\laragon\www\NOVA\system\Database\MySQLi\Connection.php(312): mysqli->query('CREATE TABLE `l...', 0)
#1 C:\laragon\www\NOVA\system\Database\BaseConnection.php(734): CodeIgniter\Database\MySQLi\Connection->execute('CREATE TABLE `l...')
#2 C:\laragon\www\NOVA\system\Database\BaseConnection.php(648): CodeIgniter\Database\BaseConnection->simpleQuery('CREATE TABLE `l...')
#3 C:\laragon\www\NOVA\system\Database\Forge.php(570): CodeIgniter\Database\BaseConnection->query('CREATE TABLE `l...')
#4 C:\laragon\www\NOVA\app\Database\Migrations\2025-06-21-070128_CreateLecturasPreguntas.php(17): CodeIgniter\Database\Forge->createTable('lecturas_pregun...')
#5 C:\laragon\www\NOVA\system\Database\MigrationRunner.php(867): App\Database\Migrations\CreateLecturasPreguntas->up()
#6 C:\laragon\www\NOVA\system\Database\MigrationRunner.php(183): CodeIgniter\Database\MigrationRunner->migrate('up', Object(stdClass))
#7 C:\laragon\www\NOVA\system\Commands\Database\Migrate.php(85): CodeIgniter\Database\MigrationRunner->latest(NULL)
#8 C:\laragon\www\NOVA\system\CLI\Commands.php(70): CodeIgniter\Commands\Database\Migrate->run(Array)
#9 C:\laragon\www\NOVA\system\CLI\BaseCommand.php(119): CodeIgniter\CLI\Commands->run('migrate', Array)
#10 C:\laragon\www\NOVA\system\Commands\Database\MigrateRefresh.php(87): CodeIgniter\CLI\BaseCommand->call('migrate', Array)
#11 C:\laragon\www\NOVA\system\CLI\Commands.php(70): CodeIgniter\Commands\Database\MigrateRefresh->run(Array)
#12 C:\laragon\www\NOVA\system\CLI\Console.php(48): CodeIgniter\CLI\Commands->run('migrate:refresh', Array)
#13 C:\laragon\www\NOVA\system\Boot.php(351): CodeIgniter\CLI\Console->run()
#14 C:\laragon\www\NOVA\system\Boot.php(104): CodeIgniter\Boot::runCommand(Object(CodeIgniter\CLI\Console))
#15 C:\laragon\www\NOVA\spark(84): CodeIgniter\Boot::bootSpark(Object(Config\Paths))
#16 {main}
ERROR - 2025-06-21 07:37:28 --> mysqli_sql_exception: Referencing column 'pregunta_id' and referenced column 'id' in foreign key constraint 'lecturas_preguntas_pregunta_id_foreign' are incompatible. in C:\laragon\www\NOVA\system\Database\MySQLi\Connection.php:312
Stack trace:
#0 C:\laragon\www\NOVA\system\Database\MySQLi\Connection.php(312): mysqli->query('CREATE TABLE `l...', 0)
#1 C:\laragon\www\NOVA\system\Database\BaseConnection.php(734): CodeIgniter\Database\MySQLi\Connection->execute('CREATE TABLE `l...')
#2 C:\laragon\www\NOVA\system\Database\BaseConnection.php(648): CodeIgniter\Database\BaseConnection->simpleQuery('CREATE TABLE `l...')
#3 C:\laragon\www\NOVA\system\Database\Forge.php(570): CodeIgniter\Database\BaseConnection->query('CREATE TABLE `l...')
#4 C:\laragon\www\NOVA\app\Database\Migrations\2025-06-21-070128_CreateLecturasPreguntas.php(17): CodeIgniter\Database\Forge->createTable('lecturas_pregun...')
#5 C:\laragon\www\NOVA\system\Database\MigrationRunner.php(867): App\Database\Migrations\CreateLecturasPreguntas->up()
#6 C:\laragon\www\NOVA\system\Database\MigrationRunner.php(183): CodeIgniter\Database\MigrationRunner->migrate('up', Object(stdClass))
#7 C:\laragon\www\NOVA\system\Commands\Database\Migrate.php(85): CodeIgniter\Database\MigrationRunner->latest(NULL)
#8 C:\laragon\www\NOVA\system\CLI\Commands.php(70): CodeIgniter\Commands\Database\Migrate->run(Array)
#9 C:\laragon\www\NOVA\system\CLI\BaseCommand.php(119): CodeIgniter\CLI\Commands->run('migrate', Array)
#10 C:\laragon\www\NOVA\system\Commands\Database\MigrateRefresh.php(87): CodeIgniter\CLI\BaseCommand->call('migrate', Array)
#11 C:\laragon\www\NOVA\system\CLI\Commands.php(70): CodeIgniter\Commands\Database\MigrateRefresh->run(Array)
#12 C:\laragon\www\NOVA\system\CLI\Console.php(48): CodeIgniter\CLI\Commands->run('migrate:refresh', Array)
#13 C:\laragon\www\NOVA\system\Boot.php(351): CodeIgniter\CLI\Console->run()
#14 C:\laragon\www\NOVA\system\Boot.php(104): CodeIgniter\Boot::runCommand(Object(CodeIgniter\CLI\Console))
#15 C:\laragon\www\NOVA\spark(84): CodeIgniter\Boot::bootSpark(Object(Config\Paths))
#16 {main}
ERROR - 2025-06-21 08:01:13 --> mysqli_sql_exception: Referencing column 'lectura_id' and referenced column 'id' in foreign key constraint 'lecturas_preguntas_lectura_id_foreign' are incompatible. in C:\laragon\www\NOVA\system\Database\MySQLi\Connection.php:312
Stack trace:
#0 C:\laragon\www\NOVA\system\Database\MySQLi\Connection.php(312): mysqli->query('CREATE TABLE `l...', 0)
#1 C:\laragon\www\NOVA\system\Database\BaseConnection.php(734): CodeIgniter\Database\MySQLi\Connection->execute('CREATE TABLE `l...')
#2 C:\laragon\www\NOVA\system\Database\BaseConnection.php(648): CodeIgniter\Database\BaseConnection->simpleQuery('CREATE TABLE `l...')
#3 C:\laragon\www\NOVA\system\Database\Forge.php(570): CodeIgniter\Database\BaseConnection->query('CREATE TABLE `l...')
#4 C:\laragon\www\NOVA\app\Database\Migrations\2025-06-21-070128_CreateLecturasPreguntas.php(17): CodeIgniter\Database\Forge->createTable('lecturas_pregun...')
#5 C:\laragon\www\NOVA\system\Database\MigrationRunner.php(867): App\Database\Migrations\CreateLecturasPreguntas->up()
#6 C:\laragon\www\NOVA\system\Database\MigrationRunner.php(183): CodeIgniter\Database\MigrationRunner->migrate('up', Object(stdClass))
#7 C:\laragon\www\NOVA\system\Commands\Database\Migrate.php(85): CodeIgniter\Database\MigrationRunner->latest(NULL)
#8 C:\laragon\www\NOVA\system\CLI\Commands.php(70): CodeIgniter\Commands\Database\Migrate->run(Array)
#9 C:\laragon\www\NOVA\system\CLI\BaseCommand.php(119): CodeIgniter\CLI\Commands->run('migrate', Array)
#10 C:\laragon\www\NOVA\system\Commands\Database\MigrateRefresh.php(87): CodeIgniter\CLI\BaseCommand->call('migrate', Array)
#11 C:\laragon\www\NOVA\system\CLI\Commands.php(70): CodeIgniter\Commands\Database\MigrateRefresh->run(Array)
#12 C:\laragon\www\NOVA\system\CLI\Console.php(48): CodeIgniter\CLI\Commands->run('migrate:refresh', Array)
#13 C:\laragon\www\NOVA\system\Boot.php(351): CodeIgniter\CLI\Console->run()
#14 C:\laragon\www\NOVA\system\Boot.php(104): CodeIgniter\Boot::runCommand(Object(CodeIgniter\CLI\Console))
#15 C:\laragon\www\NOVA\spark(84): CodeIgniter\Boot::bootSpark(Object(Config\Paths))
#16 {main}
ERROR - 2025-06-21 08:06:43 --> mysqli_sql_exception: Referencing column 'lectura_id' and referenced column 'id' in foreign key constraint 'lecturas_preguntas_lectura_id_foreign' are incompatible. in C:\laragon\www\NOVA\system\Database\MySQLi\Connection.php:312
Stack trace:
#0 C:\laragon\www\NOVA\system\Database\MySQLi\Connection.php(312): mysqli->query('CREATE TABLE `l...', 0)
#1 C:\laragon\www\NOVA\system\Database\BaseConnection.php(734): CodeIgniter\Database\MySQLi\Connection->execute('CREATE TABLE `l...')
#2 C:\laragon\www\NOVA\system\Database\BaseConnection.php(648): CodeIgniter\Database\BaseConnection->simpleQuery('CREATE TABLE `l...')
#3 C:\laragon\www\NOVA\system\Database\Forge.php(570): CodeIgniter\Database\BaseConnection->query('CREATE TABLE `l...')
#4 C:\laragon\www\NOVA\app\Database\Migrations\2025-06-21-070128_CreateLecturasPreguntas.php(17): CodeIgniter\Database\Forge->createTable('lecturas_pregun...')
#5 C:\laragon\www\NOVA\system\Database\MigrationRunner.php(867): App\Database\Migrations\CreateLecturasPreguntas->up()
#6 C:\laragon\www\NOVA\system\Database\MigrationRunner.php(183): CodeIgniter\Database\MigrationRunner->migrate('up', Object(stdClass))
#7 C:\laragon\www\NOVA\system\Commands\Database\Migrate.php(85): CodeIgniter\Database\MigrationRunner->latest(NULL)
#8 C:\laragon\www\NOVA\system\CLI\Commands.php(70): CodeIgniter\Commands\Database\Migrate->run(Array)
#9 C:\laragon\www\NOVA\system\CLI\BaseCommand.php(119): CodeIgniter\CLI\Commands->run('migrate', Array)
#10 C:\laragon\www\NOVA\system\Commands\Database\MigrateRefresh.php(87): CodeIgniter\CLI\BaseCommand->call('migrate', Array)
#11 C:\laragon\www\NOVA\system\CLI\Commands.php(70): CodeIgniter\Commands\Database\MigrateRefresh->run(Array)
#12 C:\laragon\www\NOVA\system\CLI\Console.php(48): CodeIgniter\CLI\Commands->run('migrate:refresh', Array)
#13 C:\laragon\www\NOVA\system\Boot.php(351): CodeIgniter\CLI\Console->run()
#14 C:\laragon\www\NOVA\system\Boot.php(104): CodeIgniter\Boot::runCommand(Object(CodeIgniter\CLI\Console))
#15 C:\laragon\www\NOVA\spark(84): CodeIgniter\Boot::bootSpark(Object(Config\Paths))
#16 {main}
ERROR - 2025-06-21 08:11:07 --> mysqli_sql_exception: Referencing column 'pregunta_id' and referenced column 'id' in foreign key constraint 'lecturas_preguntas_pregunta_id_foreign' are incompatible. in C:\laragon\www\NOVA\system\Database\MySQLi\Connection.php:312
Stack trace:
#0 C:\laragon\www\NOVA\system\Database\MySQLi\Connection.php(312): mysqli->query('CREATE TABLE `l...', 0)
#1 C:\laragon\www\NOVA\system\Database\BaseConnection.php(734): CodeIgniter\Database\MySQLi\Connection->execute('CREATE TABLE `l...')
#2 C:\laragon\www\NOVA\system\Database\BaseConnection.php(648): CodeIgniter\Database\BaseConnection->simpleQuery('CREATE TABLE `l...')
#3 C:\laragon\www\NOVA\system\Database\Forge.php(570): CodeIgniter\Database\BaseConnection->query('CREATE TABLE `l...')
#4 C:\laragon\www\NOVA\app\Database\Migrations\2025-06-21-070128_CreateLecturasPreguntas.php(17): CodeIgniter\Database\Forge->createTable('lecturas_pregun...')
#5 C:\laragon\www\NOVA\system\Database\MigrationRunner.php(867): App\Database\Migrations\CreateLecturasPreguntas->up()
#6 C:\laragon\www\NOVA\system\Database\MigrationRunner.php(183): CodeIgniter\Database\MigrationRunner->migrate('up', Object(stdClass))
#7 C:\laragon\www\NOVA\system\Commands\Database\Migrate.php(85): CodeIgniter\Database\MigrationRunner->latest(NULL)
#8 C:\laragon\www\NOVA\system\CLI\Commands.php(70): CodeIgniter\Commands\Database\Migrate->run(Array)
#9 C:\laragon\www\NOVA\system\CLI\BaseCommand.php(119): CodeIgniter\CLI\Commands->run('migrate', Array)
#10 C:\laragon\www\NOVA\system\Commands\Database\MigrateRefresh.php(87): CodeIgniter\CLI\BaseCommand->call('migrate', Array)
#11 C:\laragon\www\NOVA\system\CLI\Commands.php(70): CodeIgniter\Commands\Database\MigrateRefresh->run(Array)
#12 C:\laragon\www\NOVA\system\CLI\Console.php(48): CodeIgniter\CLI\Commands->run('migrate:refresh', Array)
#13 C:\laragon\www\NOVA\system\Boot.php(351): CodeIgniter\CLI\Console->run()
#14 C:\laragon\www\NOVA\system\Boot.php(104): CodeIgniter\Boot::runCommand(Object(CodeIgniter\CLI\Console))
#15 C:\laragon\www\NOVA\spark(84): CodeIgniter\Boot::bootSpark(Object(Config\Paths))
#16 {main}
ERROR - 2025-06-21 08:37:17 --> mysqli_sql_exception: Table 'roles' already exists in C:\laragon\www\NOVA\system\Database\MySQLi\Connection.php:312
Stack trace:
#0 C:\laragon\www\NOVA\system\Database\MySQLi\Connection.php(312): mysqli->query('CREATE TABLE `r...', 0)
#1 C:\laragon\www\NOVA\system\Database\BaseConnection.php(734): CodeIgniter\Database\MySQLi\Connection->execute('CREATE TABLE `r...')
#2 C:\laragon\www\NOVA\system\Database\BaseConnection.php(648): CodeIgniter\Database\BaseConnection->simpleQuery('CREATE TABLE `r...')
#3 C:\laragon\www\NOVA\system\Database\Forge.php(570): CodeIgniter\Database\BaseConnection->query('CREATE TABLE `r...')
#4 C:\laragon\www\NOVA\app\Database\Migrations\2025-06-21-083257_CreateRoles.php(16): CodeIgniter\Database\Forge->createTable('roles')
#5 C:\laragon\www\NOVA\system\Database\MigrationRunner.php(867): App\Database\Migrations\CreateRoles->up()
#6 C:\laragon\www\NOVA\system\Database\MigrationRunner.php(183): CodeIgniter\Database\MigrationRunner->migrate('up', Object(stdClass))
#7 C:\laragon\www\NOVA\system\Commands\Database\Migrate.php(85): CodeIgniter\Database\MigrationRunner->latest(NULL)
#8 C:\laragon\www\NOVA\system\CLI\Commands.php(70): CodeIgniter\Commands\Database\Migrate->run(Array)
#9 C:\laragon\www\NOVA\system\CLI\BaseCommand.php(119): CodeIgniter\CLI\Commands->run('migrate', Array)
#10 C:\laragon\www\NOVA\system\Commands\Database\MigrateRefresh.php(87): CodeIgniter\CLI\BaseCommand->call('migrate', Array)
#11 C:\laragon\www\NOVA\system\CLI\Commands.php(70): CodeIgniter\Commands\Database\MigrateRefresh->run(Array)
#12 C:\laragon\www\NOVA\system\CLI\Console.php(48): CodeIgniter\CLI\Commands->run('migrate:refresh', Array)
#13 C:\laragon\www\NOVA\system\Boot.php(351): CodeIgniter\CLI\Console->run()
#14 C:\laragon\www\NOVA\system\Boot.php(104): CodeIgniter\Boot::runCommand(Object(CodeIgniter\CLI\Console))
#15 C:\laragon\www\NOVA\spark(84): CodeIgniter\Boot::bootSpark(Object(Config\Paths))
#16 {main}
ERROR - 2025-06-21 08:38:26 --> mysqli_sql_exception: Failed to open the referenced table 'users' in C:\laragon\www\NOVA\system\Database\MySQLi\Connection.php:312
Stack trace:
#0 C:\laragon\www\NOVA\system\Database\MySQLi\Connection.php(312): mysqli->query('CREATE TABLE `r...', 0)
#1 C:\laragon\www\NOVA\system\Database\BaseConnection.php(734): CodeIgniter\Database\MySQLi\Connection->execute('CREATE TABLE `r...')
#2 C:\laragon\www\NOVA\system\Database\BaseConnection.php(648): CodeIgniter\Database\BaseConnection->simpleQuery('CREATE TABLE `r...')
#3 C:\laragon\www\NOVA\system\Database\Forge.php(570): CodeIgniter\Database\BaseConnection->query('CREATE TABLE `r...')
#4 C:\laragon\www\NOVA\app\Database\Migrations\2025-06-21-083301_CreateRespuestas.php(22): CodeIgniter\Database\Forge->createTable('respuestas')
#5 C:\laragon\www\NOVA\system\Database\MigrationRunner.php(867): App\Database\Migrations\CreateRespuestas->up()
#6 C:\laragon\www\NOVA\system\Database\MigrationRunner.php(183): CodeIgniter\Database\MigrationRunner->migrate('up', Object(stdClass))
#7 C:\laragon\www\NOVA\system\Commands\Database\Migrate.php(85): CodeIgniter\Database\MigrationRunner->latest(NULL)
#8 C:\laragon\www\NOVA\system\CLI\Commands.php(70): CodeIgniter\Commands\Database\Migrate->run(Array)
#9 C:\laragon\www\NOVA\system\CLI\BaseCommand.php(119): CodeIgniter\CLI\Commands->run('migrate', Array)
#10 C:\laragon\www\NOVA\system\Commands\Database\MigrateRefresh.php(87): CodeIgniter\CLI\BaseCommand->call('migrate', Array)
#11 C:\laragon\www\NOVA\system\CLI\Commands.php(70): CodeIgniter\Commands\Database\MigrateRefresh->run(Array)
#12 C:\laragon\www\NOVA\system\CLI\Console.php(48): CodeIgniter\CLI\Commands->run('migrate:refresh', Array)
#13 C:\laragon\www\NOVA\system\Boot.php(351): CodeIgniter\CLI\Console->run()
#14 C:\laragon\www\NOVA\system\Boot.php(104): CodeIgniter\Boot::runCommand(Object(CodeIgniter\CLI\Console))
#15 C:\laragon\www\NOVA\spark(84): CodeIgniter\Boot::bootSpark(Object(Config\Paths))
#16 {main}
ERROR - 2025-06-21 08:40:01 --> mysqli_sql_exception: Failed to open the referenced table 'users' in C:\laragon\www\NOVA\system\Database\MySQLi\Connection.php:312
Stack trace:
#0 C:\laragon\www\NOVA\system\Database\MySQLi\Connection.php(312): mysqli->query('CREATE TABLE `r...', 0)
#1 C:\laragon\www\NOVA\system\Database\BaseConnection.php(734): CodeIgniter\Database\MySQLi\Connection->execute('CREATE TABLE `r...')
#2 C:\laragon\www\NOVA\system\Database\BaseConnection.php(648): CodeIgniter\Database\BaseConnection->simpleQuery('CREATE TABLE `r...')
#3 C:\laragon\www\NOVA\system\Database\Forge.php(570): CodeIgniter\Database\BaseConnection->query('CREATE TABLE `r...')
#4 C:\laragon\www\NOVA\app\Database\Migrations\2025-06-21-083301_CreateRespuestas.php(22): CodeIgniter\Database\Forge->createTable('respuestas')
#5 C:\laragon\www\NOVA\system\Database\MigrationRunner.php(867): App\Database\Migrations\CreateRespuestas->up()
#6 C:\laragon\www\NOVA\system\Database\MigrationRunner.php(183): CodeIgniter\Database\MigrationRunner->migrate('up', Object(stdClass))
#7 C:\laragon\www\NOVA\system\Commands\Database\Migrate.php(85): CodeIgniter\Database\MigrationRunner->latest(NULL)
#8 C:\laragon\www\NOVA\system\CLI\Commands.php(70): CodeIgniter\Commands\Database\Migrate->run(Array)
#9 C:\laragon\www\NOVA\system\CLI\BaseCommand.php(119): CodeIgniter\CLI\Commands->run('migrate', Array)
#10 C:\laragon\www\NOVA\system\Commands\Database\MigrateRefresh.php(87): CodeIgniter\CLI\BaseCommand->call('migrate', Array)
#11 C:\laragon\www\NOVA\system\CLI\Commands.php(70): CodeIgniter\Commands\Database\MigrateRefresh->run(Array)
#12 C:\laragon\www\NOVA\system\CLI\Console.php(48): CodeIgniter\CLI\Commands->run('migrate:refresh', Array)
#13 C:\laragon\www\NOVA\system\Boot.php(351): CodeIgniter\CLI\Console->run()
#14 C:\laragon\www\NOVA\system\Boot.php(104): CodeIgniter\Boot::runCommand(Object(CodeIgniter\CLI\Console))
#15 C:\laragon\www\NOVA\spark(84): CodeIgniter\Boot::bootSpark(Object(Config\Paths))
#16 {main}
ERROR - 2025-06-21 08:57:20 --> mysqli_sql_exception: Invalid default value for 'fecha_respuesta' in C:\laragon\www\NOVA\system\Database\MySQLi\Connection.php:312
Stack trace:
#0 C:\laragon\www\NOVA\system\Database\MySQLi\Connection.php(312): mysqli->query('CREATE TABLE `r...', 0)
#1 C:\laragon\www\NOVA\system\Database\BaseConnection.php(734): CodeIgniter\Database\MySQLi\Connection->execute('CREATE TABLE `r...')
#2 C:\laragon\www\NOVA\system\Database\BaseConnection.php(648): CodeIgniter\Database\BaseConnection->simpleQuery('CREATE TABLE `r...')
#3 C:\laragon\www\NOVA\system\Database\Forge.php(570): CodeIgniter\Database\BaseConnection->query('CREATE TABLE `r...')
#4 C:\laragon\www\NOVA\app\Database\Migrations\2025-06-21-083301_CreateRespuestas.php(22): CodeIgniter\Database\Forge->createTable('respuestas')
#5 C:\laragon\www\NOVA\system\Database\MigrationRunner.php(867): App\Database\Migrations\CreateRespuestas->up()
#6 C:\laragon\www\NOVA\system\Database\MigrationRunner.php(183): CodeIgniter\Database\MigrationRunner->migrate('up', Object(stdClass))
#7 C:\laragon\www\NOVA\system\Commands\Database\Migrate.php(85): CodeIgniter\Database\MigrationRunner->latest(NULL)
#8 C:\laragon\www\NOVA\system\CLI\Commands.php(70): CodeIgniter\Commands\Database\Migrate->run(Array)
#9 C:\laragon\www\NOVA\system\CLI\BaseCommand.php(119): CodeIgniter\CLI\Commands->run('migrate', Array)
#10 C:\laragon\www\NOVA\system\Commands\Database\MigrateRefresh.php(87): CodeIgniter\CLI\BaseCommand->call('migrate', Array)
#11 C:\laragon\www\NOVA\system\CLI\Commands.php(70): CodeIgniter\Commands\Database\MigrateRefresh->run(Array)
#12 C:\laragon\www\NOVA\system\CLI\Console.php(48): CodeIgniter\CLI\Commands->run('migrate:refresh', Array)
#13 C:\laragon\www\NOVA\system\Boot.php(351): CodeIgniter\CLI\Console->run()
#14 C:\laragon\www\NOVA\system\Boot.php(104): CodeIgniter\Boot::runCommand(Object(CodeIgniter\CLI\Console))
#15 C:\laragon\www\NOVA\spark(84): CodeIgniter\Boot::bootSpark(Object(Config\Paths))
#16 {main}
ERROR - 2025-06-21 18:39:34 --> mysqli_sql_exception: Failed to open the referenced table 'users' in C:\laragon\www\NOVA\system\Database\MySQLi\Connection.php:312
Stack trace:
#0 C:\laragon\www\NOVA\system\Database\MySQLi\Connection.php(312): mysqli->query('CREATE TABLE `r...', 0)
#1 C:\laragon\www\NOVA\system\Database\BaseConnection.php(734): CodeIgniter\Database\MySQLi\Connection->execute('CREATE TABLE `r...')
#2 C:\laragon\www\NOVA\system\Database\BaseConnection.php(648): CodeIgniter\Database\BaseConnection->simpleQuery('CREATE TABLE `r...')
#3 C:\laragon\www\NOVA\system\Database\Forge.php(570): CodeIgniter\Database\BaseConnection->query('CREATE TABLE `r...')
#4 C:\laragon\www\NOVA\app\Database\Migrations\2025-06-21-083301_CreateRespuestas.php(26): CodeIgniter\Database\Forge->createTable('respuestas')
#5 C:\laragon\www\NOVA\system\Database\MigrationRunner.php(867): App\Database\Migrations\CreateRespuestas->up()
#6 C:\laragon\www\NOVA\system\Database\MigrationRunner.php(183): CodeIgniter\Database\MigrationRunner->migrate('up', Object(stdClass))
#7 C:\laragon\www\NOVA\system\Commands\Database\Migrate.php(85): CodeIgniter\Database\MigrationRunner->latest(NULL)
#8 C:\laragon\www\NOVA\system\CLI\Commands.php(70): CodeIgniter\Commands\Database\Migrate->run(Array)
#9 C:\laragon\www\NOVA\system\CLI\BaseCommand.php(119): CodeIgniter\CLI\Commands->run('migrate', Array)
#10 C:\laragon\www\NOVA\system\Commands\Database\MigrateRefresh.php(87): CodeIgniter\CLI\BaseCommand->call('migrate', Array)
#11 C:\laragon\www\NOVA\system\CLI\Commands.php(70): CodeIgniter\Commands\Database\MigrateRefresh->run(Array)
#12 C:\laragon\www\NOVA\system\CLI\Console.php(48): CodeIgniter\CLI\Commands->run('migrate:refresh', Array)
#13 C:\laragon\www\NOVA\system\Boot.php(351): CodeIgniter\CLI\Console->run()
#14 C:\laragon\www\NOVA\system\Boot.php(104): CodeIgniter\Boot::runCommand(Object(CodeIgniter\CLI\Console))
#15 C:\laragon\www\NOVA\spark(84): CodeIgniter\Boot::bootSpark(Object(Config\Paths))
#16 {main}
ERROR - 2025-06-21 18:47:02 --> mysqli_sql_exception: Failed to open the referenced table 'users' in C:\laragon\www\NOVA\system\Database\MySQLi\Connection.php:312
Stack trace:
#0 C:\laragon\www\NOVA\system\Database\MySQLi\Connection.php(312): mysqli->query('CREATE TABLE `r...', 0)
#1 C:\laragon\www\NOVA\system\Database\BaseConnection.php(734): CodeIgniter\Database\MySQLi\Connection->execute('CREATE TABLE `r...')
#2 C:\laragon\www\NOVA\system\Database\BaseConnection.php(648): CodeIgniter\Database\BaseConnection->simpleQuery('CREATE TABLE `r...')
#3 C:\laragon\www\NOVA\system\Database\Forge.php(570): CodeIgniter\Database\BaseConnection->query('CREATE TABLE `r...')
#4 C:\laragon\www\NOVA\app\Database\Migrations\2025-06-21-083301_CreateRespuestas.php(26): CodeIgniter\Database\Forge->createTable('respuestas')
#5 C:\laragon\www\NOVA\system\Database\MigrationRunner.php(867): App\Database\Migrations\CreateRespuestas->up()
#6 C:\laragon\www\NOVA\system\Database\MigrationRunner.php(183): CodeIgniter\Database\MigrationRunner->migrate('up', Object(stdClass))
#7 C:\laragon\www\NOVA\system\Commands\Database\Migrate.php(85): CodeIgniter\Database\MigrationRunner->latest(NULL)
#8 C:\laragon\www\NOVA\system\CLI\Commands.php(70): CodeIgniter\Commands\Database\Migrate->run(Array)
#9 C:\laragon\www\NOVA\system\CLI\Console.php(48): CodeIgniter\CLI\Commands->run('migrate', Array)
#10 C:\laragon\www\NOVA\system\Boot.php(351): CodeIgniter\CLI\Console->run()
#11 C:\laragon\www\NOVA\system\Boot.php(104): CodeIgniter\Boot::runCommand(Object(CodeIgniter\CLI\Console))
#12 C:\laragon\www\NOVA\spark(84): CodeIgniter\Boot::bootSpark(Object(Config\Paths))
#13 {main}
ERROR - 2025-06-21 18:47:03 --> mysqli_sql_exception: Failed to open the referenced table 'users' in C:\laragon\www\NOVA\system\Database\MySQLi\Connection.php:312
Stack trace:
#0 C:\laragon\www\NOVA\system\Database\MySQLi\Connection.php(312): mysqli->query('CREATE TABLE `r...', 0)
#1 C:\laragon\www\NOVA\system\Database\BaseConnection.php(734): CodeIgniter\Database\MySQLi\Connection->execute('CREATE TABLE `r...')
#2 C:\laragon\www\NOVA\system\Database\BaseConnection.php(648): CodeIgniter\Database\BaseConnection->simpleQuery('CREATE TABLE `r...')
#3 C:\laragon\www\NOVA\system\Database\Forge.php(570): CodeIgniter\Database\BaseConnection->query('CREATE TABLE `r...')
#4 C:\laragon\www\NOVA\app\Database\Migrations\2025-06-21-083301_CreateRespuestas.php(26): CodeIgniter\Database\Forge->createTable('respuestas')
#5 C:\laragon\www\NOVA\system\Database\MigrationRunner.php(867): App\Database\Migrations\CreateRespuestas->up()
#6 C:\laragon\www\NOVA\system\Database\MigrationRunner.php(183): CodeIgniter\Database\MigrationRunner->migrate('up', Object(stdClass))
#7 C:\laragon\www\NOVA\system\Commands\Database\Migrate.php(85): CodeIgniter\Database\MigrationRunner->latest(NULL)
#8 C:\laragon\www\NOVA\system\CLI\Commands.php(70): CodeIgniter\Commands\Database\Migrate->run(Array)
#9 C:\laragon\www\NOVA\system\CLI\Console.php(48): CodeIgniter\CLI\Commands->run('migrate', Array)
#10 C:\laragon\www\NOVA\system\Boot.php(351): CodeIgniter\CLI\Console->run()
#11 C:\laragon\www\NOVA\system\Boot.php(104): CodeIgniter\Boot::runCommand(Object(CodeIgniter\CLI\Console))
#12 C:\laragon\www\NOVA\spark(84): CodeIgniter\Boot::bootSpark(Object(Config\Paths))
#13 {main}
ERROR - 2025-06-21 18:47:04 --> mysqli_sql_exception: Failed to open the referenced table 'users' in C:\laragon\www\NOVA\system\Database\MySQLi\Connection.php:312
Stack trace:
#0 C:\laragon\www\NOVA\system\Database\MySQLi\Connection.php(312): mysqli->query('CREATE TABLE `r...', 0)
#1 C:\laragon\www\NOVA\system\Database\BaseConnection.php(734): CodeIgniter\Database\MySQLi\Connection->execute('CREATE TABLE `r...')
#2 C:\laragon\www\NOVA\system\Database\BaseConnection.php(648): CodeIgniter\Database\BaseConnection->simpleQuery('CREATE TABLE `r...')
#3 C:\laragon\www\NOVA\system\Database\Forge.php(570): CodeIgniter\Database\BaseConnection->query('CREATE TABLE `r...')
#4 C:\laragon\www\NOVA\app\Database\Migrations\2025-06-21-083301_CreateRespuestas.php(26): CodeIgniter\Database\Forge->createTable('respuestas')
#5 C:\laragon\www\NOVA\system\Database\MigrationRunner.php(867): App\Database\Migrations\CreateRespuestas->up()
#6 C:\laragon\www\NOVA\system\Database\MigrationRunner.php(183): CodeIgniter\Database\MigrationRunner->migrate('up', Object(stdClass))
#7 C:\laragon\www\NOVA\system\Commands\Database\Migrate.php(85): CodeIgniter\Database\MigrationRunner->latest(NULL)
#8 C:\laragon\www\NOVA\system\CLI\Commands.php(70): CodeIgniter\Commands\Database\Migrate->run(Array)
#9 C:\laragon\www\NOVA\system\CLI\Console.php(48): CodeIgniter\CLI\Commands->run('migrate', Array)
#10 C:\laragon\www\NOVA\system\Boot.php(351): CodeIgniter\CLI\Console->run()
#11 C:\laragon\www\NOVA\system\Boot.php(104): CodeIgniter\Boot::runCommand(Object(CodeIgniter\CLI\Console))
#12 C:\laragon\www\NOVA\spark(84): CodeIgniter\Boot::bootSpark(Object(Config\Paths))
#13 {main}
ERROR - 2025-06-21 18:47:04 --> mysqli_sql_exception: Failed to open the referenced table 'users' in C:\laragon\www\NOVA\system\Database\MySQLi\Connection.php:312
Stack trace:
#0 C:\laragon\www\NOVA\system\Database\MySQLi\Connection.php(312): mysqli->query('CREATE TABLE `r...', 0)
#1 C:\laragon\www\NOVA\system\Database\BaseConnection.php(734): CodeIgniter\Database\MySQLi\Connection->execute('CREATE TABLE `r...')
#2 C:\laragon\www\NOVA\system\Database\BaseConnection.php(648): CodeIgniter\Database\BaseConnection->simpleQuery('CREATE TABLE `r...')
#3 C:\laragon\www\NOVA\system\Database\Forge.php(570): CodeIgniter\Database\BaseConnection->query('CREATE TABLE `r...')
#4 C:\laragon\www\NOVA\app\Database\Migrations\2025-06-21-083301_CreateRespuestas.php(26): CodeIgniter\Database\Forge->createTable('respuestas')
#5 C:\laragon\www\NOVA\system\Database\MigrationRunner.php(867): App\Database\Migrations\CreateRespuestas->up()
#6 C:\laragon\www\NOVA\system\Database\MigrationRunner.php(183): CodeIgniter\Database\MigrationRunner->migrate('up', Object(stdClass))
#7 C:\laragon\www\NOVA\system\Commands\Database\Migrate.php(85): CodeIgniter\Database\MigrationRunner->latest(NULL)
#8 C:\laragon\www\NOVA\system\CLI\Commands.php(70): CodeIgniter\Commands\Database\Migrate->run(Array)
#9 C:\laragon\www\NOVA\system\CLI\Console.php(48): CodeIgniter\CLI\Commands->run('migrate', Array)
#10 C:\laragon\www\NOVA\system\Boot.php(351): CodeIgniter\CLI\Console->run()
#11 C:\laragon\www\NOVA\system\Boot.php(104): CodeIgniter\Boot::runCommand(Object(CodeIgniter\CLI\Console))
#12 C:\laragon\www\NOVA\spark(84): CodeIgniter\Boot::bootSpark(Object(Config\Paths))
#13 {main}
ERROR - 2025-06-21 18:47:05 --> mysqli_sql_exception: Failed to open the referenced table 'users' in C:\laragon\www\NOVA\system\Database\MySQLi\Connection.php:312
Stack trace:
#0 C:\laragon\www\NOVA\system\Database\MySQLi\Connection.php(312): mysqli->query('CREATE TABLE `r...', 0)
#1 C:\laragon\www\NOVA\system\Database\BaseConnection.php(734): CodeIgniter\Database\MySQLi\Connection->execute('CREATE TABLE `r...')
#2 C:\laragon\www\NOVA\system\Database\BaseConnection.php(648): CodeIgniter\Database\BaseConnection->simpleQuery('CREATE TABLE `r...')
#3 C:\laragon\www\NOVA\system\Database\Forge.php(570): CodeIgniter\Database\BaseConnection->query('CREATE TABLE `r...')
#4 C:\laragon\www\NOVA\app\Database\Migrations\2025-06-21-083301_CreateRespuestas.php(26): CodeIgniter\Database\Forge->createTable('respuestas')
#5 C:\laragon\www\NOVA\system\Database\MigrationRunner.php(867): App\Database\Migrations\CreateRespuestas->up()
#6 C:\laragon\www\NOVA\system\Database\MigrationRunner.php(183): CodeIgniter\Database\MigrationRunner->migrate('up', Object(stdClass))
#7 C:\laragon\www\NOVA\system\Commands\Database\Migrate.php(85): CodeIgniter\Database\MigrationRunner->latest(NULL)
#8 C:\laragon\www\NOVA\system\CLI\Commands.php(70): CodeIgniter\Commands\Database\Migrate->run(Array)
#9 C:\laragon\www\NOVA\system\CLI\Console.php(48): CodeIgniter\CLI\Commands->run('migrate', Array)
#10 C:\laragon\www\NOVA\system\Boot.php(351): CodeIgniter\CLI\Console->run()
#11 C:\laragon\www\NOVA\system\Boot.php(104): CodeIgniter\Boot::runCommand(Object(CodeIgniter\CLI\Console))
#12 C:\laragon\www\NOVA\spark(84): CodeIgniter\Boot::bootSpark(Object(Config\Paths))
#13 {main}
ERROR - 2025-06-21 18:47:06 --> mysqli_sql_exception: Failed to open the referenced table 'users' in C:\laragon\www\NOVA\system\Database\MySQLi\Connection.php:312
Stack trace:
#0 C:\laragon\www\NOVA\system\Database\MySQLi\Connection.php(312): mysqli->query('CREATE TABLE `r...', 0)
#1 C:\laragon\www\NOVA\system\Database\BaseConnection.php(734): CodeIgniter\Database\MySQLi\Connection->execute('CREATE TABLE `r...')
#2 C:\laragon\www\NOVA\system\Database\BaseConnection.php(648): CodeIgniter\Database\BaseConnection->simpleQuery('CREATE TABLE `r...')
#3 C:\laragon\www\NOVA\system\Database\Forge.php(570): CodeIgniter\Database\BaseConnection->query('CREATE TABLE `r...')
#4 C:\laragon\www\NOVA\app\Database\Migrations\2025-06-21-083301_CreateRespuestas.php(26): CodeIgniter\Database\Forge->createTable('respuestas')
#5 C:\laragon\www\NOVA\system\Database\MigrationRunner.php(867): App\Database\Migrations\CreateRespuestas->up()
#6 C:\laragon\www\NOVA\system\Database\MigrationRunner.php(183): CodeIgniter\Database\MigrationRunner->migrate('up', Object(stdClass))
#7 C:\laragon\www\NOVA\system\Commands\Database\Migrate.php(85): CodeIgniter\Database\MigrationRunner->latest(NULL)
#8 C:\laragon\www\NOVA\system\CLI\Commands.php(70): CodeIgniter\Commands\Database\Migrate->run(Array)
#9 C:\laragon\www\NOVA\system\CLI\Console.php(48): CodeIgniter\CLI\Commands->run('migrate', Array)
#10 C:\laragon\www\NOVA\system\Boot.php(351): CodeIgniter\CLI\Console->run()
#11 C:\laragon\www\NOVA\system\Boot.php(104): CodeIgniter\Boot::runCommand(Object(CodeIgniter\CLI\Console))
#12 C:\laragon\www\NOVA\spark(84): CodeIgniter\Boot::bootSpark(Object(Config\Paths))
#13 {main}
ERROR - 2025-06-21 18:47:06 --> mysqli_sql_exception: Failed to open the referenced table 'users' in C:\laragon\www\NOVA\system\Database\MySQLi\Connection.php:312
Stack trace:
#0 C:\laragon\www\NOVA\system\Database\MySQLi\Connection.php(312): mysqli->query('CREATE TABLE `r...', 0)
#1 C:\laragon\www\NOVA\system\Database\BaseConnection.php(734): CodeIgniter\Database\MySQLi\Connection->execute('CREATE TABLE `r...')
#2 C:\laragon\www\NOVA\system\Database\BaseConnection.php(648): CodeIgniter\Database\BaseConnection->simpleQuery('CREATE TABLE `r...')
#3 C:\laragon\www\NOVA\system\Database\Forge.php(570): CodeIgniter\Database\BaseConnection->query('CREATE TABLE `r...')
#4 C:\laragon\www\NOVA\app\Database\Migrations\2025-06-21-083301_CreateRespuestas.php(26): CodeIgniter\Database\Forge->createTable('respuestas')
#5 C:\laragon\www\NOVA\system\Database\MigrationRunner.php(867): App\Database\Migrations\CreateRespuestas->up()
#6 C:\laragon\www\NOVA\system\Database\MigrationRunner.php(183): CodeIgniter\Database\MigrationRunner->migrate('up', Object(stdClass))
#7 C:\laragon\www\NOVA\system\Commands\Database\Migrate.php(85): CodeIgniter\Database\MigrationRunner->latest(NULL)
#8 C:\laragon\www\NOVA\system\CLI\Commands.php(70): CodeIgniter\Commands\Database\Migrate->run(Array)
#9 C:\laragon\www\NOVA\system\CLI\Console.php(48): CodeIgniter\CLI\Commands->run('migrate', Array)
#10 C:\laragon\www\NOVA\system\Boot.php(351): CodeIgniter\CLI\Console->run()
#11 C:\laragon\www\NOVA\system\Boot.php(104): CodeIgniter\Boot::runCommand(Object(CodeIgniter\CLI\Console))
#12 C:\laragon\www\NOVA\spark(84): CodeIgniter\Boot::bootSpark(Object(Config\Paths))
#13 {main}
ERROR - 2025-06-21 18:48:33 --> mysqli_sql_exception: Failed to open the referenced table 'users' in C:\laragon\www\NOVA\system\Database\MySQLi\Connection.php:312
Stack trace:
#0 C:\laragon\www\NOVA\system\Database\MySQLi\Connection.php(312): mysqli->query('CREATE TABLE `r...', 0)
#1 C:\laragon\www\NOVA\system\Database\BaseConnection.php(734): CodeIgniter\Database\MySQLi\Connection->execute('CREATE TABLE `r...')
#2 C:\laragon\www\NOVA\system\Database\BaseConnection.php(648): CodeIgniter\Database\BaseConnection->simpleQuery('CREATE TABLE `r...')
#3 C:\laragon\www\NOVA\system\Database\Forge.php(570): CodeIgniter\Database\BaseConnection->query('CREATE TABLE `r...')
#4 C:\laragon\www\NOVA\app\Database\Migrations\2025-06-21-083301_CreateRespuestas.php(26): CodeIgniter\Database\Forge->createTable('respuestas')
#5 C:\laragon\www\NOVA\system\Database\MigrationRunner.php(867): App\Database\Migrations\CreateRespuestas->up()
#6 C:\laragon\www\NOVA\system\Database\MigrationRunner.php(183): CodeIgniter\Database\MigrationRunner->migrate('up', Object(stdClass))
#7 C:\laragon\www\NOVA\system\Commands\Database\Migrate.php(85): CodeIgniter\Database\MigrationRunner->latest(NULL)
#8 C:\laragon\www\NOVA\system\CLI\Commands.php(70): CodeIgniter\Commands\Database\Migrate->run(Array)
#9 C:\laragon\www\NOVA\system\CLI\BaseCommand.php(119): CodeIgniter\CLI\Commands->run('migrate', Array)
#10 C:\laragon\www\NOVA\system\Commands\Database\MigrateRefresh.php(87): CodeIgniter\CLI\BaseCommand->call('migrate', Array)
#11 C:\laragon\www\NOVA\system\CLI\Commands.php(70): CodeIgniter\Commands\Database\MigrateRefresh->run(Array)
#12 C:\laragon\www\NOVA\system\CLI\Console.php(48): CodeIgniter\CLI\Commands->run('migrate:refresh', Array)
#13 C:\laragon\www\NOVA\system\Boot.php(351): CodeIgniter\CLI\Console->run()
#14 C:\laragon\www\NOVA\system\Boot.php(104): CodeIgniter\Boot::runCommand(Object(CodeIgniter\CLI\Console))
#15 C:\laragon\www\NOVA\spark(84): CodeIgniter\Boot::bootSpark(Object(Config\Paths))
#16 {main}
ERROR - 2025-06-21 18:49:14 --> mysqli_sql_exception: Failed to open the referenced table 'users' in C:\laragon\www\NOVA\system\Database\MySQLi\Connection.php:312
Stack trace:
#0 C:\laragon\www\NOVA\system\Database\MySQLi\Connection.php(312): mysqli->query('CREATE TABLE `r...', 0)
#1 C:\laragon\www\NOVA\system\Database\BaseConnection.php(734): CodeIgniter\Database\MySQLi\Connection->execute('CREATE TABLE `r...')
#2 C:\laragon\www\NOVA\system\Database\BaseConnection.php(648): CodeIgniter\Database\BaseConnection->simpleQuery('CREATE TABLE `r...')
#3 C:\laragon\www\NOVA\system\Database\Forge.php(570): CodeIgniter\Database\BaseConnection->query('CREATE TABLE `r...')
#4 C:\laragon\www\NOVA\app\Database\Migrations\2025-06-21-083301_CreateRespuestas.php(26): CodeIgniter\Database\Forge->createTable('respuestas')
#5 C:\laragon\www\NOVA\system\Database\MigrationRunner.php(867): App\Database\Migrations\CreateRespuestas->up()
#6 C:\laragon\www\NOVA\system\Database\MigrationRunner.php(183): CodeIgniter\Database\MigrationRunner->migrate('up', Object(stdClass))
#7 C:\laragon\www\NOVA\system\Commands\Database\Migrate.php(85): CodeIgniter\Database\MigrationRunner->latest(NULL)
#8 C:\laragon\www\NOVA\system\CLI\Commands.php(70): CodeIgniter\Commands\Database\Migrate->run(Array)
#9 C:\laragon\www\NOVA\system\CLI\BaseCommand.php(119): CodeIgniter\CLI\Commands->run('migrate', Array)
#10 C:\laragon\www\NOVA\system\Commands\Database\MigrateRefresh.php(87): CodeIgniter\CLI\BaseCommand->call('migrate', Array)
#11 C:\laragon\www\NOVA\system\CLI\Commands.php(70): CodeIgniter\Commands\Database\MigrateRefresh->run(Array)
#12 C:\laragon\www\NOVA\system\CLI\Console.php(48): CodeIgniter\CLI\Commands->run('migrate:refresh', Array)
#13 C:\laragon\www\NOVA\system\Boot.php(351): CodeIgniter\CLI\Console->run()
#14 C:\laragon\www\NOVA\system\Boot.php(104): CodeIgniter\Boot::runCommand(Object(CodeIgniter\CLI\Console))
#15 C:\laragon\www\NOVA\spark(84): CodeIgniter\Boot::bootSpark(Object(Config\Paths))
#16 {main}
INFO - 2025-06-21 19:01:48 --> Session: Class initialized using 'CodeIgniter\Session\Handlers\FileHandler' driver.
ERROR - 2025-06-21 19:15:44 --> mysqli_sql_exception: Duplicate entry 'Administrador' for key 'roles.nombre' in C:\laragon\www\NOVA\system\Database\MySQLi\Connection.php:312
Stack trace:
#0 C:\laragon\www\NOVA\system\Database\MySQLi\Connection.php(312): mysqli->query('INSERT INTO `ro...', 0)
#1 C:\laragon\www\NOVA\system\Database\BaseConnection.php(734): CodeIgniter\Database\MySQLi\Connection->execute('INSERT INTO `ro...')
#2 C:\laragon\www\NOVA\system\Database\BaseConnection.php(648): CodeIgniter\Database\BaseConnection->simpleQuery('INSERT INTO `ro...')
#3 C:\laragon\www\NOVA\system\Database\BaseBuilder.php(1828): CodeIgniter\Database\BaseConnection->query('INSERT INTO `ro...', NULL, false)
#4 C:\laragon\www\NOVA\system\Database\BaseBuilder.php(2217): CodeIgniter\Database\BaseBuilder->batchExecute('_insertBatch', 100)
#5 C:\laragon\www\NOVA\app\Database\Seeds\RolesSeeder.php(18): CodeIgniter\Database\BaseBuilder->insertBatch(Array)
#6 C:\laragon\www\NOVA\system\Database\Seeder.php(147): App\Database\Seeds\RolesSeeder->run()
#7 C:\laragon\www\NOVA\app\Database\Seeds\DatabaseSeeder.php(12): CodeIgniter\Database\Seeder->call('App\\Database\\Se...')
#8 C:\laragon\www\NOVA\system\Database\Seeder.php(147): App\Database\Seeds\DatabaseSeeder->run()
#9 C:\laragon\www\NOVA\system\Commands\Database\Seed.php(79): CodeIgniter\Database\Seeder->call('App\\Database\\Se...')
#10 C:\laragon\www\NOVA\system\CLI\Commands.php(70): CodeIgniter\Commands\Database\Seed->run(Array)
#11 C:\laragon\www\NOVA\system\CLI\Console.php(48): CodeIgniter\CLI\Commands->run('db:seed', Array)
#12 C:\laragon\www\NOVA\system\Boot.php(351): CodeIgniter\CLI\Console->run()
#13 C:\laragon\www\NOVA\system\Boot.php(104): CodeIgniter\Boot::runCommand(Object(CodeIgniter\CLI\Console))
#14 C:\laragon\www\NOVA\spark(84): CodeIgniter\Boot::bootSpark(Object(Config\Paths))
#15 {main}
ERROR - 2025-06-21 19:16:33 --> mysqli_sql_exception: Duplicate entry 'Administrador' for key 'roles.nombre' in C:\laragon\www\NOVA\system\Database\MySQLi\Connection.php:312
Stack trace:
#0 C:\laragon\www\NOVA\system\Database\MySQLi\Connection.php(312): mysqli->query('INSERT INTO `ro...', 0)
#1 C:\laragon\www\NOVA\system\Database\BaseConnection.php(734): CodeIgniter\Database\MySQLi\Connection->execute('INSERT INTO `ro...')
#2 C:\laragon\www\NOVA\system\Database\BaseConnection.php(648): CodeIgniter\Database\BaseConnection->simpleQuery('INSERT INTO `ro...')
#3 C:\laragon\www\NOVA\system\Database\BaseBuilder.php(1828): CodeIgniter\Database\BaseConnection->query('INSERT INTO `ro...', NULL, false)
#4 C:\laragon\www\NOVA\system\Database\BaseBuilder.php(2217): CodeIgniter\Database\BaseBuilder->batchExecute('_insertBatch', 100)
#5 C:\laragon\www\NOVA\app\Database\Seeds\RolesSeeder.php(18): CodeIgniter\Database\BaseBuilder->insertBatch(Array)
#6 C:\laragon\www\NOVA\system\Database\Seeder.php(147): App\Database\Seeds\RolesSeeder->run()
#7 C:\laragon\www\NOVA\app\Database\Seeds\DatabaseSeeder.php(12): CodeIgniter\Database\Seeder->call('App\\Database\\Se...')
#8 C:\laragon\www\NOVA\system\Database\Seeder.php(147): App\Database\Seeds\DatabaseSeeder->run()
#9 C:\laragon\www\NOVA\system\Commands\Database\Seed.php(79): CodeIgniter\Database\Seeder->call('App\\Database\\Se...')
#10 C:\laragon\www\NOVA\system\CLI\Commands.php(70): CodeIgniter\Commands\Database\Seed->run(Array)
#11 C:\laragon\www\NOVA\system\CLI\Console.php(48): CodeIgniter\CLI\Commands->run('db:seed', Array)
#12 C:\laragon\www\NOVA\system\Boot.php(351): CodeIgniter\CLI\Console->run()
#13 C:\laragon\www\NOVA\system\Boot.php(104): CodeIgniter\Boot::runCommand(Object(CodeIgniter\CLI\Console))
#14 C:\laragon\www\NOVA\spark(84): CodeIgniter\Boot::bootSpark(Object(Config\Paths))
#15 {main}
ERROR - 2025-06-21 19:18:14 --> mysqli_sql_exception: Duplicate entry 'Administrador' for key 'roles.nombre' in C:\laragon\www\NOVA\system\Database\MySQLi\Connection.php:312
Stack trace:
#0 C:\laragon\www\NOVA\system\Database\MySQLi\Connection.php(312): mysqli->query('INSERT INTO `ro...', 0)
#1 C:\laragon\www\NOVA\system\Database\BaseConnection.php(734): CodeIgniter\Database\MySQLi\Connection->execute('INSERT INTO `ro...')
#2 C:\laragon\www\NOVA\system\Database\BaseConnection.php(648): CodeIgniter\Database\BaseConnection->simpleQuery('INSERT INTO `ro...')
#3 C:\laragon\www\NOVA\system\Database\BaseBuilder.php(1828): CodeIgniter\Database\BaseConnection->query('INSERT INTO `ro...', NULL, false)
#4 C:\laragon\www\NOVA\system\Database\BaseBuilder.php(2217): CodeIgniter\Database\BaseBuilder->batchExecute('_insertBatch', 100)
#5 C:\laragon\www\NOVA\app\Database\Seeds\RolesSeeder.php(18): CodeIgniter\Database\BaseBuilder->insertBatch(Array)
#6 C:\laragon\www\NOVA\system\Database\Seeder.php(147): App\Database\Seeds\RolesSeeder->run()
#7 C:\laragon\www\NOVA\app\Database\Seeds\DatabaseSeeder.php(12): CodeIgniter\Database\Seeder->call('App\\Database\\Se...')
#8 C:\laragon\www\NOVA\system\Database\Seeder.php(147): App\Database\Seeds\DatabaseSeeder->run()
#9 C:\laragon\www\NOVA\system\Commands\Database\Seed.php(79): CodeIgniter\Database\Seeder->call('App\\Database\\Se...')
#10 C:\laragon\www\NOVA\system\CLI\Commands.php(70): CodeIgniter\Commands\Database\Seed->run(Array)
#11 C:\laragon\www\NOVA\system\CLI\Console.php(48): CodeIgniter\CLI\Commands->run('db:seed', Array)
#12 C:\laragon\www\NOVA\system\Boot.php(351): CodeIgniter\CLI\Console->run()
#13 C:\laragon\www\NOVA\system\Boot.php(104): CodeIgniter\Boot::runCommand(Object(CodeIgniter\CLI\Console))
#14 C:\laragon\www\NOVA\spark(84): CodeIgniter\Boot::bootSpark(Object(Config\Paths))
#15 {main}
