INFO - 2025-07-02 01:05:32 --> Session: Class initialized using 'CodeIgniter\Session\Handlers\FileHandler' driver.
INFO - 2025-07-02 01:05:44 --> Session: Class initialized using 'CodeIgniter\Session\Handlers\FileHandler' driver.
INFO - 2025-07-02 01:05:44 --> Usuario autenticado con role_id: 
INFO - 2025-07-02 01:06:55 --> El método authenticate fue llamado
INFO - 2025-07-02 01:06:55 --> Intento de inicio de sesión para el usuario: admin@docente.com
INFO - 2025-07-02 01:06:55 --> Intento de inicio de sesión para el usuario: admin@docente.com
INFO - 2025-07-02 01:06:55 --> Session: Class initialized using 'CodeIgniter\Session\Handlers\FileHandler' driver.
INFO - 2025-07-02 01:06:55 --> Session: Class initialized using 'CodeIgniter\Session\Handlers\FileHandler' driver.
INFO - 2025-07-02 01:07:01 --> Session: Class initialized using 'CodeIgniter\Session\Handlers\FileHandler' driver.
INFO - 2025-07-02 01:07:13 --> Session: Class initialized using 'CodeIgniter\Session\Handlers\FileHandler' driver.
INFO - 2025-07-02 01:07:23 --> Session: Class initialized using 'CodeIgniter\Session\Handlers\FileHandler' driver.
INFO - 2025-07-02 01:07:23 --> Iniciando el método addUser()
INFO - 2025-07-02 01:07:24 --> Configuración SMTP obtenida: 
INFO - 2025-07-02 01:07:24 --> Configuración SMTP obtenida en librari: Array
(
)

ERROR - 2025-07-02 01:07:24 --> Faltan campos requeridos en la configuración SMTP.
INFO - 2025-07-02 01:07:24 --> Session: Class initialized using 'CodeIgniter\Session\Handlers\FileHandler' driver.
INFO - 2025-07-02 01:07:37 --> Session: Class initialized using 'CodeIgniter\Session\Handlers\FileHandler' driver.
INFO - 2025-07-02 01:07:37 --> Session: Class initialized using 'CodeIgniter\Session\Handlers\FileHandler' driver.
INFO - 2025-07-02 01:07:37 --> Usuario autenticado con role_id: 
INFO - 2025-07-02 01:07:46 --> El método authenticate fue llamado
INFO - 2025-07-02 01:07:46 --> Intento de inicio de sesión para el usuario: admin@estudiante.com
INFO - 2025-07-02 01:07:46 --> Intento de inicio de sesión para el usuario: admin@estudiante.com
INFO - 2025-07-02 01:07:46 --> Session: Class initialized using 'CodeIgniter\Session\Handlers\FileHandler' driver.
INFO - 2025-07-02 01:07:46 --> Session: Class initialized using 'CodeIgniter\Session\Handlers\FileHandler' driver.
INFO - 2025-07-02 01:07:46 --> Session: Class initialized using 'CodeIgniter\Session\Handlers\FileHandler' driver.
INFO - 2025-07-02 01:07:59 --> Session: Class initialized using 'CodeIgniter\Session\Handlers\FileHandler' driver.
DEBUG - 2025-07-02 01:07:59 --> Resultado de la consulta: Array
(
    [id] => 2
    [name] => estudiante1
    [email] => admin@estudiante.com
    [email_verified_at] => 
    [created_at] => 2025-07-01 02:22:58
    [role_name] => Estudiante
)

INFO - 2025-07-02 01:07:59 --> User data retrieved: {"id":"2","name":"estudiante1","email":"admin@estudiante.com","email_verified_at":null,"created_at":"2025-07-01 02:22:58","role_name":"Estudiante"}
INFO - 2025-07-02 01:08:21 --> Session: Class initialized using 'CodeIgniter\Session\Handlers\FileHandler' driver.
INFO - 2025-07-02 01:08:21 --> Session: Class initialized using 'CodeIgniter\Session\Handlers\FileHandler' driver.
INFO - 2025-07-02 01:08:21 --> Usuario autenticado con role_id: 
INFO - 2025-07-02 01:08:43 --> El método authenticate fue llamado
INFO - 2025-07-02 01:08:43 --> Intento de inicio de sesión para el usuario: admin@estudiante.com
INFO - 2025-07-02 01:08:43 --> Intento de inicio de sesión para el usuario: admin@estudiante.com
INFO - 2025-07-02 01:08:43 --> Session: Class initialized using 'CodeIgniter\Session\Handlers\FileHandler' driver.
INFO - 2025-07-02 01:08:43 --> Session: Class initialized using 'CodeIgniter\Session\Handlers\FileHandler' driver.
INFO - 2025-07-02 01:08:43 --> Session: Class initialized using 'CodeIgniter\Session\Handlers\FileHandler' driver.
INFO - 2025-07-02 01:08:45 --> Session: Class initialized using 'CodeIgniter\Session\Handlers\FileHandler' driver.
INFO - 2025-07-02 01:08:45 --> Session: Class initialized using 'CodeIgniter\Session\Handlers\FileHandler' driver.
INFO - 2025-07-02 01:08:45 --> Usuario autenticado con role_id: 
INFO - 2025-07-02 01:08:57 --> El método authenticate fue llamado
INFO - 2025-07-02 01:08:57 --> Intento de inicio de sesión para el usuario: admin@docente.com
INFO - 2025-07-02 01:08:57 --> Intento de inicio de sesión para el usuario: admin@docente.com
INFO - 2025-07-02 01:08:57 --> Session: Class initialized using 'CodeIgniter\Session\Handlers\FileHandler' driver.
INFO - 2025-07-02 01:08:57 --> Session: Class initialized using 'CodeIgniter\Session\Handlers\FileHandler' driver.
INFO - 2025-07-02 01:08:57 --> Usuario autenticado con role_id: 
INFO - 2025-07-02 01:09:11 --> El método authenticate fue llamado
INFO - 2025-07-02 01:09:11 --> Intento de inicio de sesión para el usuario: admin@estudiante.com
INFO - 2025-07-02 01:09:11 --> Intento de inicio de sesión para el usuario: admin@estudiante.com
INFO - 2025-07-02 01:09:11 --> Session: Class initialized using 'CodeIgniter\Session\Handlers\FileHandler' driver.
INFO - 2025-07-02 01:09:11 --> Session: Class initialized using 'CodeIgniter\Session\Handlers\FileHandler' driver.
INFO - 2025-07-02 01:09:11 --> Session: Class initialized using 'CodeIgniter\Session\Handlers\FileHandler' driver.
INFO - 2025-07-02 01:09:14 --> Session: Class initialized using 'CodeIgniter\Session\Handlers\FileHandler' driver.
INFO - 2025-07-02 01:09:15 --> Session: Class initialized using 'CodeIgniter\Session\Handlers\FileHandler' driver.
INFO - 2025-07-02 01:09:15 --> Usuario autenticado con role_id: 
INFO - 2025-07-02 01:09:27 --> El método authenticate fue llamado
INFO - 2025-07-02 01:09:27 --> Intento de inicio de sesión para el usuario: admin@docente.com
INFO - 2025-07-02 01:09:27 --> Intento de inicio de sesión para el usuario: admin@docente.com
INFO - 2025-07-02 01:09:27 --> Session: Class initialized using 'CodeIgniter\Session\Handlers\FileHandler' driver.
INFO - 2025-07-02 01:09:27 --> Session: Class initialized using 'CodeIgniter\Session\Handlers\FileHandler' driver.
INFO - 2025-07-02 01:09:30 --> Session: Class initialized using 'CodeIgniter\Session\Handlers\FileHandler' driver.
INFO - 2025-07-02 01:09:36 --> Session: Class initialized using 'CodeIgniter\Session\Handlers\FileHandler' driver.
INFO - 2025-07-02 01:10:14 --> Session: Class initialized using 'CodeIgniter\Session\Handlers\FileHandler' driver.
INFO - 2025-07-02 01:15:52 --> Session: Class initialized using 'CodeIgniter\Session\Handlers\FileHandler' driver.
INFO - 2025-07-02 01:15:52 --> Session: Class initialized using 'CodeIgniter\Session\Handlers\FileHandler' driver.
INFO - 2025-07-02 01:18:08 --> Session: Class initialized using 'CodeIgniter\Session\Handlers\FileHandler' driver.
INFO - 2025-07-02 01:18:08 --> Session: Class initialized using 'CodeIgniter\Session\Handlers\FileHandler' driver.
INFO - 2025-07-02 01:18:11 --> Session: Class initialized using 'CodeIgniter\Session\Handlers\FileHandler' driver.
INFO - 2025-07-02 01:18:51 --> Session: Class initialized using 'CodeIgniter\Session\Handlers\FileHandler' driver.
INFO - 2025-07-02 01:18:51 --> Session: Class initialized using 'CodeIgniter\Session\Handlers\FileHandler' driver.
INFO - 2025-07-02 01:18:51 --> Usuario autenticado con role_id: 
INFO - 2025-07-02 01:21:02 --> El método authenticate fue llamado
INFO - 2025-07-02 01:21:02 --> Intento de inicio de sesión para el usuario: admin@admin.com
INFO - 2025-07-02 01:21:02 --> Intento de inicio de sesión para el usuario: admin@admin.com
INFO - 2025-07-02 01:21:02 --> Session: Class initialized using 'CodeIgniter\Session\Handlers\FileHandler' driver.
INFO - 2025-07-02 01:21:03 --> Session: Class initialized using 'CodeIgniter\Session\Handlers\FileHandler' driver.
INFO - 2025-07-02 01:21:03 --> Usuario autenticado con role_id: 
INFO - 2025-07-02 01:32:08 --> Session: Class initialized using 'CodeIgniter\Session\Handlers\FileHandler' driver.
